================================================================================
== Profile: REAL-TIME, CPU-freq = 4.00 GHz
                                                          Calls Real-Time  Parent 
                                                                   (secs) fraction

    <zixl_543IiP35>~_zixl                                                1     173.6 (100.0%)
  zixl_L125A5-ZAiL~_zixl                                                 1     173.6         
    zixl_L125A5-1t1L2-ePP4~_zixl                                         1     169.5 ( 97.6%)
      <zixl_I152>~_zixl                                                        169.2 ( 99.9%)
    <zixl_I152>~_zixl                                                            4.2 (  2.4%)


================================================================================
== Profile: PEAK-MEMORY, CPU-freq = 4.00 GHz
                                                          Calls   Peak-Mb         
                                                                                  

    <zixl_543IiP35>~_zixl                                                1     224.0 (100.0%)
  zixl_L125A5-ZAiL~_zixl                                                 1     224.0         
    zixl_L125A5-1t1L2-ePP4~_zixl                                         1     224.0 (100.0%)
      zixl_L125A5-q1L-rPL525-Sy~_zixl                                    1     132.0 ( 58.9%)
      zixl_L125A5-52AI234~_zixl                                          1      84.0 ( 37.5%)
        zixl_L125A5-iLi2-6ISy~_zixl                                      1      84.0 (100.0%)
          zixl_L125A5-ePAS-L12ei52~_zixl                                 1      84.0 (100.0%)
            zixl_6ISy-ePAS-L12ei52~_zixl                                 1      84.0 (100.0%)
              zixl_I152PI1-5Le~_zixl                                     1      84.0 (100.0%)
                zixl_zi_5Le_rPL2192_I152PI1~_zixl                        1      84.0 (100.0%)
                  <zixl_I152>~_zixl                                             84.0 (100.0%)
      zixl_L125A5-q1L-UAt1~_zixl                                         2       8.0 (  3.6%)
        zixl_I14eAO-q1L1IA21-qU6~_zixl                                   2       8.0 (100.0%)
          <zixl_I152>~_zixl                                                      8.0 (100.0%)

