================================================================================
== Profile: REAL-TIME, CPU-freq = 4.00 GHz
                                                          Calls Real-Time  Parent 
                                                                   (secs) fraction

    <zixl_543IiP35>~_zixl                                                1       2.6 (100.0%)
  zixl_z57-ZAiL~_zixl                                                    1       2.6         
    zixl_zi_iSe2_I3L_tP42~_zixl                                          1       1.6 ( 62.5%)
      zixl_iSe2-4IPr155~_zixl                                            1       1.6 ( 99.9%)
        zixl_tP42-ZAiL~_zixl                                             1       0.9 ( 58.9%)
          zixl_zi_iSe2_2IAL5eA21_tePq~_zixl                              8       0.0 (  2.6%)
            zixl_2IAL5eA21-tePq~_zixl                                    8       0.0 ( 83.1%)
              <zixl_I152>~_zixl                                                  0.0 ( 99.7%)
            <zixl_I152>~_zixl                                                    0.0 ( 16.8%)
          <zixl_I152>~_zixl                                                      0.9 ( 97.3%)
        zixl_iSe2-5At1~_zixl                                             1       0.1 (  6.8%)
          zixl_42-5At1~_zixl                                            11       0.1 ( 80.9%)
          zixl_32q-5At1~_zixl                                            1       0.0 (  2.8%)
          <zixl_I152>~_zixl                                                      0.0 ( 16.4%)
        <zixl_I152>~_zixl                                                        0.6 ( 34.3%)
    <zixl_I152>~_zixl                                                            1.0 ( 37.5%)


================================================================================
== Profile: PEAK-MEMORY, CPU-freq = 4.00 GHz
                                                          Calls   Peak-Mb         
                                                                                  

    <zixl_543IiP35>~_zixl                                                1      24.0 (100.0%)
  zixl_z57-ZAiL~_zixl                                                    1      24.0         
    zixl_zi_iSe2_I3L_tP42~_zixl                                          1      20.0 ( 83.3%)
      zixl_iSe2-4IPr155~_zixl                                            1      20.0 (100.0%)
        zixl_tP42-ZAiL~_zixl                                             1      12.0 ( 60.0%)
          <zixl_I152>~_zixl                                                     12.0 (100.0%)
        <zixl_I152>~_zixl                                                        8.0 ( 40.0%)
    <zixl_I152>~_zixl                                                            4.0 ( 16.7%)

