================================================================================
== Profile: REAL-TIME, CPU-freq = 4.00 GHz
                                                          Calls Real-Time  Parent 
                                                                  (milli) fraction

    <zixl_543IiP35>~_zixl                                                1     998.0 (100.0%)
  zixl_z57-ZAiL~_zixl                                                    1     998.0         
    zixl_zi_z57_rI1A21_5Le_ALS_4118tAI~_zixl                             1     905.2 ( 90.7%)
      zixl_zi_A16_51234_ALS_rI1A21_L12ei52_6PIZAe~_zixl                  1     588.8 ( 65.0%)
        zixl_A16_6PIZAe_rI1A21_L12ei52~_zixl                             1     339.2 ( 57.6%)
          zixl_zi_A16_6PIZAe_rI1A21_L12ei52~_zixl                        1     339.0 ( 99.9%)
            zixl_zi_SyP_ZPS1e_q12_PI_ZA81_Le_qIA47_r352PZ~_zixl          6     333.4 ( 98.4%)
              zixl_zi_Le_I52I_qIA47_ePrAe~_zixl                          3      41.3 ( 12.4%)
              <zixl_I152>~_zixl                                                292.1 ( 87.6%)
            <zixl_I152>~_zixl                                                    5.2 (  1.5%)
        zixl_A16_6PIZAe_rI1A21_SyP_ZPS1e5_SAq~_zixl                      1     249.0 ( 42.3%)
      zixl_zi_rI1A21_5Le_6IPZ_7i1IqIA47~_zixl                            1     278.5 ( 30.8%)
        zixl_jQx-NP-dQx-rI1A2iPL~_zixl                                   1      32.7 ( 11.7%)
          zixl_bPLL1r2g323I1bePr8V94I5~_zixl                             1      24.6 ( 75.2%)
            <zixl_I152>~_zixl                                                   24.5 ( 99.6%)
          zixl_bPee1r2atoL6P~_zixl                                       1       2.9 (  9.0%)
            zixl_y35-q12-SIitiLq-194I-6PI-5Le~_zixl                    328       2.6 ( 89.7%)
              <zixl_I152>~_zixl                                                  2.6 ( 99.3%)
            <zixl_I152>~_zixl                                                    0.3 ( 10.3%)
          zixl_bPLt1I2QeV94INPdLeV94I~_zixl                              1       0.7 (  2.1%)
            zixl_y3ieS_194I~_zixl                                      366       0.3 ( 50.8%)
            zixl_4P52_4IPr155_194I~_zixl                               366       0.0 (  2.2%)
            <zixl_I152>~_zixl                                                    0.3 ( 47.0%)
          zixl_p42iZiz1QeV94I:p42V94INAye1~_zixl                         1       0.4 (  1.4%)
          <zixl_I152>~_zixl                                                      3.8 ( 11.6%)
        <zixl_I152>~_zixl                                                      245.6 ( 88.2%)
      zixl_Qxji1IhIA47bPL2192::q12ji1IhIA47~_zixl                        1      27.9 (  3.1%)
        zixl_jQx_bpQdN_aBpa~_zixl                                        1       0.3 (  1.2%)
          zixl_aIP4AqA21bPL52AL2~_zixl                                   1       0.2 ( 47.3%)
            zixl_QxV94IQPS1VtAe3A21~_zixl                               38       0.1 ( 37.9%)
              zixl_4IP4bPL52oL2PV94I~_zixl                             114       0.0 ( 28.0%)
                zixl_q12aIP41I2O_y35 [R]~_zixl                          76       0.0 ( 14.1%)
                zixl_q12p42iZiz1SgPImiLAIO~_zixl                        36       0.0 (  2.3%)
                <zixl_I152>~_zixl                                                0.0 ( 83.6%)
              <zixl_I152>~_zixl                                                  0.0 ( 71.5%)
            zixl_512aIP41I2O_LPS1~_zixl                                 27       0.0 ( 10.8%)
              zixl_34SA21QPS15NPm1f1e121S [E]~_zixl                     27       0.0 ( 51.6%)
              <zixl_I152>~_zixl                                                  0.0 ( 48.4%)
            zixl_QxB1qQPS1VtAe3A21~_zixl                                78       0.0 (  6.8%)
              zixl_q12aIP41I2O_y35 [Y]~_zixl                            76       0.0 (  8.4%)
              <zixl_I152>~_zixl                                                  0.0 ( 91.6%)
            zixl_q12aIP41I2O_LPS1~_zixl                                151       0.0 (  2.4%)
            zixl_512aIP41I2O [E]~_zixl                                  25       0.0 (  1.8%)
            <zixl_I152>~_zixl                                                    0.1 ( 38.6%)
            <zixl_58i441S>~_zixl                                                 0.0 (  1.6%)
          zixl_diZ4ei6OV94IQPS15~_zixl                                   1       0.1 ( 22.4%)
          zixl_zi_Le_P42P_52PI1_rPL52_4IP4_iL6P~_zixl                    1       0.0 (  9.4%)
            zixl_Le-LPS1-AeePr-4IiL2Aye1-LAZ1~_zixl                     27       0.0 ( 68.2%)
              zixl_Le-LPS1-AeePr-4IiL2Aye1-LAZ1-3Li6i1S~_zixl           27       0.0 ( 92.6%)
              <zixl_I152>~_zixl                                                  0.0 (  7.4%)
            <zixl_I152>~_zixl                                                    0.0 ( 31.8%)
          zixl_zi_Le_P42P_6iLS_rPL6eir2_5P3Ir15~_zixl                    1       0.0 (  1.3%)
          <zixl_I152>~_zixl                                                      0.1 ( 19.1%)
        <zixl_I152>~_zixl                                                       27.5 ( 98.6%)
      <zixl_I152>~_zixl                                                         10.1 (  1.1%)
    <zixl_I152>~_zixl                                                           92.8 (  9.3%)


================================================================================
== Profile: PEAK-MEMORY, CPU-freq = 4.00 GHz
                                                          Calls   Peak-Mb         
                                                                                  

    <zixl_543IiP35>~_zixl                                                1     172.0 (100.0%)
  zixl_z57-ZAiL~_zixl                                                    1     172.0         
    zixl_zi_z57_rI1A21_5Le_ALS_4118tAI~_zixl                             1     168.0 ( 97.7%)
      zixl_zi_A16_51234_ALS_rI1A21_L12ei52_6PIZAe~_zixl                  1      88.0 ( 52.4%)
        zixl_A16_6PIZAe_rI1A21_L12ei52~_zixl                             1      88.0 (100.0%)
          zixl_zi_A16_6PIZAe_rI1A21_L12ei52~_zixl                        1      88.0 (100.0%)
            zixl_zi_SyP_ZPS1e_q12_PI_ZA81_Le_qIA47_r352PZ~_zixl          6      88.0 (100.0%)
              <zixl_I152>~_zixl                                                 88.0 (100.0%)
      zixl_zi_rI1A21_5Le_6IPZ_7i1IqIA47~_zixl                            1      80.0 ( 47.6%)
        zixl_jQx-NP-dQx-rI1A2iPL~_zixl                                   1      80.0 (100.0%)
          zixl_bPLL1r2g323I1bePr8V94I5~_zixl                             1      80.0 (100.0%)
            <zixl_I152>~_zixl                                                   80.0 (100.0%)
    <zixl_I152>~_zixl                                                            4.0 (  2.3%)

