================================================================================
== Profile: REAL-TIME, CPU-freq = 4.00 GHz
                                                          Calls Real-Time  Parent 
                                                                   (secs) fraction

    <zixl_543IiP35>~_zixl                                                1      12.0 (100.0%)
  zixl_5eAt1-I3L-ePP4~_zixl                                              1      12.0         
    zixl_5eAt1-I3L-2IAL56PIZ~_zixl                                       4       8.3 ( 69.3%)
      zixl_5A25U114~_zixl                                                5       6.3 ( 75.9%)
        zixl_5Pet1 [E]~_zixl                                          2284       6.2 ( 97.6%)
        zixl_5A25U114-7ALSe1-5A2~_zixl                                2252       0.1 (  1.0%)
          zixl_S5iZ-1tAe~_zixl                                        2252       0.0 ( 33.5%)
          zixl_5A25U114-2IAr1-I16iL1~_zixl                            2252       0.0 ( 13.7%)
            zixl_5A25U114-I16iL1-5e3I4-S1e2A~_zixl                    2252       0.0 ( 25.5%)
            <zixl_I152>~_zixl                                                    0.0 ( 74.5%)
          <zixl_I152>~_zixl                                                      0.0 ( 52.7%)
        <zixl_58i441S>~_zixl                                                     0.1 (  1.1%)
      zixl_i21-4Ar8Aq1~_zixl                                         13143       1.5 ( 18.4%)
        zixl_i21-rI1A21~_zixl                                        13143       1.5 ( 99.9%)
      zixl_5rPII~_zixl                                                   1       0.2 (  2.7%)
        zixl_5rPII-iLi2-5iZ~_zixl                                        1       0.2 ( 98.1%)
          zixl_yeL-IAIi2O5iZ-5214~_zixl                                516       0.2 ( 99.3%)
            zixl_yeL-IAIi2O5iZ-5214-2IAL54P51~_zixl                    548       0.2 ( 91.1%)
            zixl_yeL-5iZT-5214~_zixl                                   516       0.0 (  4.7%)
            zixl_yeL-IAIi2O5iZ-5214-rP3L2~_zixl                        516       0.0 (  3.1%)
        zixl_5rPII-5214~_zixl                                           58       0.0 (  1.6%)
          zixl_5rPII-541r-I1S~_zixl                                     58       0.0 ( 66.3%)
          <zixl_I152>~_zixl                                                      0.0 ( 32.7%)
      <zixl_I152>~_zixl                                                          0.1 (  1.2%)
      <zixl_58i441S>~_zixl                                                       0.2 (  1.8%)
    zixl_5eAt1-I3L-1LqiL1~_zixl                                          4       3.5 ( 29.4%)
      zixl_IAI-iZ4e-5Pet1~_zixl                                          4       3.5 (100.0%)
        zixl_IAI-5Pet1~_zixl                                             4       3.5 ( 99.8%)
          zixl_IAI-5Pet1-5Pet1~_zixl                                   108       3.1 ( 88.1%)
            zixl_irY-5Pet1~_zixl                                        12       1.6 ( 50.6%)
              zixl_irY-52I1Lq271L~_zixl                                725       1.3 ( 80.5%)
                zixl_irY-q1L1IAeiz1~_zixl                             2392       1.0 ( 75.4%)
                  zixl_irY-Zir~_zixl                                  2392       0.8 ( 83.5%)
                    zixl_irY-iLi2iA2iPL [R]~_zixl                    13795       0.3 ( 37.0%)
                    zixl_irY-rPL51r32iPL [R]~_zixl                   11784       0.3 ( 32.8%)
                    zixl_irY-34~_zixl                                 6533       0.2 ( 29.3%)
                      zixl_5r5-5Pet1 [T]~_zixl                        8822       0.1 ( 47.1%)
                      zixl_5Pet1 [K]~_zixl                            6533       0.1 ( 27.4%)
                      zixl_3LSP [G]~_zixl                            12350       0.0 (  2.5%)
                      zixl_L1U-tAI [RF]~_zixl                        13125       0.0 (  1.2%)
                      <zixl_I152>~_zixl                                          0.1 ( 21.9%)
                  zixl_irY-rPL51r32iPL [T]~_zixl                     22921       0.1 ( 15.2%)
                  <zixl_58i441S>~_zixl                                           0.0 (  1.0%)
                zixl_irY-rPL51r32iPL [E]~_zixl                        5366       0.2 ( 18.9%)
                zixl_5r5-5Pet1 [E]~_zixl                               820       0.0 (  2.7%)
                zixl_irY-52A21p6[gIPL2i1I]~_zixl                       108       0.0 (  1.9%)
                  zixl_5Pet1 [G]~_zixl                                 108       0.0 ( 79.5%)
                  <zixl_I152>~_zixl                                              0.0 ( 20.2%)
              zixl_IAI-6iI1dA61 [E]~_zixl                               11       0.1 (  9.1%)
              zixl_irY-4IP4AqA21~_zixl                                 712       0.1 (  3.2%)
                zixl_irY-U1A8bPL51r32iPL~_zixl                        4198       0.0 ( 69.9%)
                  zixl_5r5-5Pet1 [Y]~_zixl                            4198       0.0 ( 71.4%)
                  zixl_irY-iLi2iA2iPL [Y]~_zixl                        305       0.0 (  5.7%)
                  <zixl_I152>~_zixl                                              0.0 ( 22.9%)
                zixl_irY-ASSb3y1 [R]~_zixl                            3591       0.0 (  4.0%)
                zixl_4r-I14PI2aIPP6 [E]~_zixl                            6       0.0 (  1.0%)
                <zixl_I152>~_zixl                                                0.0 ( 25.0%)
              zixl_irY-I1512dPet1I5 [R]~_zixl                          711       0.0 (  2.8%)
              zixl_irY-yA51bA515~_zixl                                  12       0.0 (  1.9%)
                zixl_5Pet1 [D]~_zixl                                    26       0.0 ( 26.1%)
                zixl_L1U-tAI [D]~_zixl                               23635       0.0 ( 10.6%)
                zixl_55-ASSdP3Ir1 [R]~_zixl                           6557       0.0 (  1.9%)
                <zixl_I152>~_zixl                                                0.0 ( 61.5%)
              zixl_irY-5Pet1[rPL6iq3I1]~_zixl                           12       0.0 (  1.1%)
                zixl_irY-rPL6iq3I1gIPL2i1I~_zixl                        12       0.0 ( 51.4%)
                  zixl_L1U-tAI [G]~_zixl                              9410       0.0 ( 12.2%)
                  zixl_I1ZPt1-5A2i56i1S [T]~_zixl                       60       0.0 (  6.0%)
                  zixl_55-ASSdP3Ir1 [Y]~_zixl                         2176       0.0 (  1.7%)
                  <zixl_I152>~_zixl                                              0.0 ( 78.1%)
                  <zixl_58i441S>~_zixl                                           0.0 (  1.9%)
                zixl_irY-rPL6iq3I1xi62gIPL2i1I [E]~_zixl                12       0.0 ( 39.9%)
                zixl_irY-I1512dPet1I5 [E]~_zixl                         12       0.0 (  7.9%)
              <zixl_58i441S>~_zixl                                               0.0 (  1.4%)
            zixl_ySS-5Pet1~_zixl                                        96       1.5 ( 49.4%)
              zixl_yeL_ySS~_zixl                                        96       0.9 ( 56.5%)
                zixl_yeL_ySS-Zr~_zixl                                   96       0.8 ( 97.6%)
                zixl_yeL_ySS-ir~_zixl                                   96       0.0 (  1.7%)
                  zixl_yeL_ySS-ir-2I~_zixl                              96       0.0 ( 28.5%)
                  zixl_yeL_ySS-ir-rL52I5-4I1~_zixl                      96       0.0 (  1.4%)
                  <zixl_I152>~_zixl                                              0.0 ( 69.8%)
              zixl_IAI-6iI1dA61 [R]~_zixl                               94       0.0 (  2.0%)
              <zixl_I152>~_zixl                                                  0.6 ( 41.1%)
          zixl_4yA-5Pet1~_zixl                                         228       0.3 (  8.2%)
            zixl_4yA-5Pet1-5Pet1~_zixl                                 228       0.2 ( 60.0%)
              zixl_reA35i6O [D]~_zixl                                  357       0.1 ( 73.6%)
              zixl_5Pet1 [RT]~_zixl                                    228       0.0 ( 19.0%)
              zixl_34SA21-ZAI81S-tAI5 [D]~_zixl                        228       0.0 (  3.6%)
              zixl_ZAI8-ePqir [D]~_zixl                                228       0.0 (  1.9%)
              <zixl_I152>~_zixl                                                  0.0 (  1.9%)
            zixl_4yA-5Pet1-A553Z1~_zixl                                228       0.1 ( 29.6%)
              zixl_3LIPee-1921LS-ZA4 [G]~_zixl                         228       0.0 (  1.9%)
              <zixl_I152>~_zixl                                                  0.1 ( 98.1%)
            zixl_4yA-1LrPS1~_zixl                                      228       0.0 (  3.4%)
              zixl_yeL-rI1A21-i21 [R]~_zixl                          18614       0.0 ( 13.8%)
              <zixl_I152>~_zixl                                                  0.0 ( 86.2%)
            <zixl_I152>~_zixl                                                    0.0 (  7.0%)
          zixl_IAI-4yA-2IAr1~_zixl                                     150       0.1 (  3.2%)
            zixl_IAI-6iI1dA61 [T]~_zixl                                150       0.1 ( 91.8%)
            zixl_IAI-rPL52I3r2 [R]~_zixl                               150       0.0 (  5.4%)
            <zixl_I152>~_zixl                                                    0.0 (  2.8%)
    <zixl_I152>~_zixl                                                            0.2 (  1.3%)

    zixl_5A25U114~_zixl                                               2284       6.2 ( 86.9%)
    zixl_5r5-5Pet1~_zixl                                             54554       0.4 (  5.9%)
    zixl_irY-iLi2iA2iPL~_zixl                                        12785       0.3 (  4.3%)
    <zixl_58i441S>~_zixl                                                         0.2 (  2.9%)
  zixl_5Pet1~_zixl                                                   84401       7.1         
    zixl_ALAeOz1~_zixl                                              166111       0.8 ( 11.5%)
      zixl_q1L1IA21-reA351~_zixl                                    166111       0.3 ( 36.6%)
      zixl_ZiLiZiz1-rPL6eir2~_zixl                                  166111       0.3 ( 33.1%)
      zixl_y3Z4-tAI5~_zixl                                          166111       0.2 ( 21.3%)
      zixl_6iLi57~_zixl                                             166111       0.1 (  6.8%)
      <zixl_I152>~_zixl                                                          0.0 (  2.3%)
    zixl_3LSP [R]~_zixl                                             205404       0.2 (  2.5%)
    <zixl_I152>~_zixl                                                            5.9 ( 83.9%)
    <zixl_58i441S>~_zixl                                                         0.2 (  2.1%)

    zixl_irY-52I1Lq271L~_zixl                                         5366       0.2 ( 36.6%)
    zixl_irY-Zir~_zixl                                               11784       0.3 ( 40.0%)
    zixl_irY-q1L1IAeiz1~_zixl                                        22921       0.1 ( 22.2%)
    zixl_irY-iZ4IPt1~_zixl                                             789       0.0 (  1.1%)
  zixl_irY-rPL51r32iPL~_zixl                                         40860       0.7         
    zixl_irY-rPL5~_zixl                                              40714       0.6 ( 98.0%)
      zixl_5r5-5Pet1 [R]~_zixl                                       40714       0.4 ( 58.8%)
      zixl_irY-52A21p6 [E]~_zixl                                      7385       0.1 ( 18.8%)
      zixl_irY-iLi2iA2iPL [T]~_zixl                                   2834       0.0 (  4.3%)
      zixl_3LSP [F]~_zixl                                            15635       0.0 (  4.3%)
      <zixl_I152>~_zixl                                                          0.1 ( 13.6%)
    zixl_irY-rPL5E~_zixl                                               146       0.0 (  1.8%)
      zixl_5Pet1 [H]~_zixl                                             146       0.0 ( 33.5%)
      zixl_irY-iLi2iA2iPL [E]~_zixl                                    114       0.0 ( 21.0%)
      zixl_L1U-tAI [K]~_zixl                                          5830       0.0 (  6.8%)
      zixl_55-ASSdP3Ir1 [D]~_zixl                                     1485       0.0 (  1.2%)
      <zixl_I152>~_zixl                                                          0.0 ( 36.5%)

    zixl_irY-52I1Lq271L~_zixl                                          820       0.0 (  6.3%)
    zixl_irY-rPL5~_zixl                                              40714       0.4 ( 69.0%)
    zixl_irY-34~_zixl                                                 8822       0.1 ( 20.1%)
    zixl_irY-U1A8bPL51r32iPL~_zixl                                    4198       0.0 (  4.6%)
  zixl_5r5-5Pet1~_zixl                                               54554       0.5         
    zixl_5Pet1 [F]~_zixl                                             54554       0.4 ( 76.3%)
    zixl_55-ZAI8~_zixl                                               54554       0.1 ( 19.2%)
      zixl_3LSP [J]~_zixl                                             1090       0.0 (  1.7%)
      <zixl_I152>~_zixl                                                          0.1 ( 98.3%)
    <zixl_I152>~_zixl                                                            0.0 (  4.3%)

    zixl_irY-Zir~_zixl                                               13795       0.3 ( 87.6%)
    zixl_irY-rPL5~_zixl                                               2834       0.0 (  8.2%)
    zixl_irY-52I1Lq271L~_zixl                                         2350       0.0 (  2.8%)
    <zixl_58i441S>~_zixl                                                         0.0 (  1.3%)
  zixl_irY-iLi2iA2iPL~_zixl                                          19398       0.3         
    zixl_5Pet1 [J]~_zixl                                             12785       0.3 ( 89.9%)
    <zixl_I152>~_zixl                                                            0.0 (  9.9%)

    zixl_irY-5Pet1~_zixl                                                11       0.1 ( 51.7%)
    zixl_ySS-5Pet1~_zixl                                                94       0.0 ( 11.1%)
    zixl_IAI-4yA-2IAr1~_zixl                                           150       0.1 ( 37.3%)
  zixl_IAI-6iI1dA61~_zixl                                              255       0.3         
    zixl_IAI-I16iL1~_zixl                                              254       0.2 ( 59.0%)
      zixl_IAI-I16iL1-A553Z15~_zixl                                      2       0.1 ( 54.7%)
        zixl_4r-rPi~_zixl                                                2       0.1 ( 99.8%)
          zixl_rPi-y3ieS~_zixl                                           1       0.1 ( 98.9%)
            zixl_rPi-510~_zixl                                           8       0.1 ( 88.7%)
              zixl_rPi-54-3LiPLfi66 [R]~_zixl                         7471       0.0 ( 29.9%)
              zixl_rPi-rPZ4I155~_zixl                                    8       0.0 ( 18.7%)
                zixl_rPi-rPZ4I155-5125~_zixl                             8       0.0 ( 34.0%)
                  zixl_rPi-54-rPZ4I155~_zixl                             8       0.0 ( 97.8%)
                  <zixl_I152>~_zixl                                              0.0 (  2.2%)
                zixl_rPi-54-ZA81bALPLirAe~_zixl                      32719       0.0 ( 32.9%)
                <zixl_I152>~_zixl                                                0.0 ( 33.0%)
              zixl_rPi-54-3LiPLp6 [R]~_zixl                           9870       0.0 (  3.2%)
              <zixl_I152>~_zixl                                                  0.0 ( 48.1%)
            zixl_rPi-rPZy~_zixl                                      11958       0.0 ( 10.2%)
              zixl_rPi-54-3LiPLp6 [E]~_zixl                          12415       0.0 ( 78.7%)
              zixl_rPi-54-3LiPLp6~_zixl                              12415       0.0 (  4.4%)
              <zixl_I152>~_zixl                                                  0.0 ( 16.9%)
            <zixl_I152>~_zixl                                                    0.0 (  1.0%)
          <zixl_I152>~_zixl                                                      0.0 (  1.1%)
      zixl_IAI-5iZhPAe5~_zixl                                          516       0.0 ( 25.0%)
      zixl_IAI-L1r155AIO~_zixl                                        1024       0.0 ( 16.9%)
        zixl_IAI-5iZf1e2A~_zixl                                       1024       0.0 ( 90.8%)
          <zixl_I152>~_zixl                                                      0.0 ( 99.2%)
        <zixl_I152>~_zixl                                                        0.0 (  9.2%)
      zixl_IAI-eAO1I5~_zixl                                            252       0.0 (  1.5%)
      <zixl_I152>~_zixl                                                          0.0 (  1.0%)
    zixl_IAI-ei62~_zixl                                                253       0.1 ( 40.6%)
      zixl_52e-ei62~_zixl                                              253       0.1 ( 93.0%)
        zixl_reA35i6O [Y]~_zixl                                        321       0.0 ( 43.8%)
        zixl_3LIPee [R]~_zixl                                          318       0.0 ( 34.0%)
        zixl_5Pet1 [RR]~_zixl                                          253       0.0 ( 13.0%)
        zixl_34SA21-ZAI81S-tAI5 [Y]~_zixl                              253       0.0 (  2.2%)
        zixl_ZAI8-ePqir [Y]~_zixl                                      253       0.0 (  1.6%)
        <zixl_I152>~_zixl                                                        0.0 (  3.6%)
        <zixl_58i441S>~_zixl                                                     0.0 (  1.8%)
      <zixl_I152>~_zixl                                                          0.0 (  6.8%)

    zixl_L1U-tAI~_zixl                                                4101       0.0 (  7.9%)
    zixl_5Pet1~_zixl                                                205404       0.2 ( 73.5%)
    zixl_irY-q1L1IAeiz1~_zixl                                         2346       0.0 (  1.1%)
    zixl_irY-ASSb3y1~_zixl                                            2497       0.0 (  1.6%)
    zixl_irY-rPL5~_zixl                                              15635       0.0 ( 11.6%)
    zixl_irY-34~_zixl                                                12350       0.0 (  2.4%)
    zixl_irY-52A21p6~_zixl                                            7385       0.0 (  1.1%)
  zixl_3LSP~_zixl                                                   251012       0.2         

    zixl_5A25U114~_zixl                                               2284       0.0 ( 15.7%)
    zixl_52e-ei62~_zixl                                                321       0.0 ( 22.0%)
    zixl_4yA-5Pet1-5Pet1~_zixl                                         357       0.1 ( 61.7%)
  zixl_reA35i6O~_zixl                                                 5462       0.2         
    zixl_L1U-tAI [E]~_zixl                                          406919       0.1 ( 29.1%)
    <zixl_I152>~_zixl                                                            0.1 ( 70.9%)

    zixl_irY-rPL5~_zixl                                               7385       0.1 ( 99.9%)
  zixl_irY-52A21p6~_zixl                                              7407       0.1         
    zixl_5Pet1 [RE]~_zixl                                             7385       0.1 ( 53.8%)
    zixl_52A21p6-52S~_zixl                                            7385       0.0 ( 19.4%)
      <zixl_I152>~_zixl                                                          0.0 ( 99.7%)
    zixl_3LSP [H]~_zixl                                               7385       0.0 (  2.2%)
    <zixl_I152>~_zixl                                                            0.0 ( 23.8%)

  <zixl_58i441S>~_zixl                                                           0.5 (  4.0%)

================================================================================
== Profile: PEAK-MEMORY, CPU-freq = 4.00 GHz
                                                          Calls   Peak-Mb         
                                                                                  

    <zixl_543IiP35>~_zixl                                                1     168.0 (100.0%)
  zixl_5eAt1-I3L-ePP4~_zixl                                              1     168.0         
    zixl_5eAt1-I3L-2IAL56PIZ~_zixl                                       4     168.0 (100.0%)
      zixl_i21-4Ar8Aq1~_zixl                                         13143     148.0 ( 88.1%)
        zixl_i21-rI1A21~_zixl                                        13143     148.0 (100.0%)
      <zixl_I152>~_zixl                                                         20.0 ( 11.9%)

