================================================================================
== Profile: REAL-TIME, CPU-freq = 4.00 GHz
                                                          Calls Real-Time  Parent 
                                                                   (secs) fraction

    <zixl_543IiP35>~_zixl                                                1      11.9 (100.0%)
  zixl_5eAt1-I3L-ePP4~_zixl                                              1      11.9         
    zixl_5eAt1-I3L-1LqiL1~_zixl                                         22      11.9 ( 99.8%)
      zixl_IAI-iZ4e-5Pet1~_zixl                                         22      11.8 ( 99.8%)
        zixl_IAI-5Pet1~_zixl                                            22      11.8 ( 99.5%)
          zixl_IAI-5Pet1-5Pet1~_zixl                                    78      11.6 ( 98.7%)
            zixl_irY-5Pet1~_zixl                                        78      11.6 (100.0%)
              zixl_irY-52I1Lq271L~_zixl                               2566      10.1 ( 86.8%)
                zixl_irY-q1L1IAeiz1~_zixl                            24054       7.7 ( 76.2%)
                  zixl_irY-Zir~_zixl                                 24054       4.3 ( 56.3%)
                    zixl_irY-rPL51r32iPL [R]~_zixl                  100226       3.1 ( 71.2%)
                    zixl_irY-34~_zixl                                41650       1.0 ( 23.2%)
                      zixl_5r5-5Pet1 [T]~_zixl                       43184       0.6 ( 62.1%)
                      zixl_5Pet1 [F]~_zixl                           41650       0.1 (  6.8%)
                      zixl_3LSP [F]~_zixl                            45431       0.0 (  2.3%)
                      zixl_L1U-tAI [RT]~_zixl                        66036       0.0 (  1.1%)
                      <zixl_I152>~_zixl                                          0.3 ( 27.6%)
                    zixl_irY-iLi2iA2iPL [R]~_zixl                   112016       0.2 (  4.4%)
                  zixl_irY-rPL51r32iPL [T]~_zixl                    494846       3.3 ( 42.4%)
                  <zixl_58i441S>~_zixl                                           0.1 (  1.1%)
                zixl_irY-rPL51r32iPL [E]~_zixl                       55207       2.3 ( 22.7%)
              zixl_irY-yA51bA515~_zixl                                  76       0.5 (  4.1%)
                zixl_IAI-6iI1dA61 [E]~_zixl                             33       0.3 ( 52.7%)
                zixl_5Pet1 [R]~_zixl                                   165       0.1 ( 15.0%)
                zixl_L1U-tAI [T]~_zixl                              206826       0.0 (  6.2%)
                <zixl_I152>~_zixl                                                0.1 ( 25.5%)
              zixl_irY-4IP4AqA21 [E]~_zixl                            2512       0.4 (  3.8%)
              zixl_irY-I1512dPet1I5 [R]~_zixl                         2506       0.3 (  2.3%)
              zixl_IAI-6iI1dA61 [R]~_zixl                               29       0.2 (  2.1%)

    zixl_irY-52I1Lq271L~_zixl                                        55207       2.3 ( 26.5%)
    zixl_irY-Zir~_zixl                                              100226       3.1 ( 35.6%)
    zixl_irY-q1L1IAeiz1~_zixl                                       494846       3.3 ( 37.7%)
  zixl_irY-rPL51r32iPL~_zixl                                        651838       8.6         
    zixl_irY-rPL5~_zixl                                             650669       8.5 ( 98.6%)
      zixl_5r5-5Pet1 [R]~_zixl                                      650669       5.3 ( 62.8%)
      zixl_irY-52A21p6 [E]~_zixl                                     73289       1.4 ( 17.0%)
      zixl_3LSP [D]~_zixl                                           143072       0.4 (  4.3%)
      <zixl_I152>~_zixl                                                          1.4 ( 15.9%)
    zixl_irY-rPL5E~_zixl                                              1169       0.1 (  1.1%)
      zixl_irY-iLi2iA2iPL [E]~_zixl                                    808       0.1 ( 60.3%)
      zixl_5Pet1 [D]~_zixl                                            1169       0.0 ( 21.6%)
      zixl_L1U-tAI [H]~_zixl                                         14263       0.0 (  2.3%)
      <zixl_I152>~_zixl                                                          0.0 ( 14.4%)
      <zixl_58i441S>~_zixl                                                       0.0 (  1.5%)

    zixl_irY-yA51bA515~_zixl                                           165       0.1 (  1.1%)
    zixl_5r5-5Pet1~_zixl                                            736786       5.3 ( 80.4%)
    zixl_irY-34~_zixl                                                41650       0.1 (  1.0%)
    zixl_irY-52A21p6~_zixl                                           73289       0.9 ( 13.1%)
    zixl_irY-iLi2iA2iPL~_zixl                                        15415       0.2 (  3.1%)
    <zixl_58i441S>~_zixl                                                         0.1 (  1.3%)
  zixl_5Pet1~_zixl                                                  869005       6.5         
    zixl_I1ePr-34SA21 [R]~_zixl                                       3129       0.3 (  5.2%)
    zixl_I1ZPt1-5A2i56i1S [E]~_zixl                                 115655       0.3 (  4.4%)
    zixl_3LSP [E]~_zixl                                             554219       0.2 (  3.0%)
    zixl_I1ePr-rP4O [R]~_zixl                                         3129       0.1 (  1.3%)
    zixl_ALAeOz1~_zixl                                               52093       0.1 (  1.2%)
      zixl_q1L1IA21-reA351~_zixl                                     52093       0.0 ( 34.4%)
      zixl_ZiLiZiz1-rPL6eir2~_zixl                                   52093       0.0 ( 29.3%)
      zixl_y3Z4-tAI5~_zixl                                           52093       0.0 ( 15.8%)
      zixl_6iLi57~_zixl                                              52093       0.0 ( 10.8%)
      <zixl_I152>~_zixl                                                          0.0 (  9.8%)
    <zixl_I152>~_zixl                                                            5.4 ( 83.2%)
    <zixl_58i441S>~_zixl                                                         0.1 (  1.8%)

    zixl_irY-rPL5~_zixl                                             650669       5.3 ( 84.9%)
    zixl_irY-34~_zixl                                                43184       0.6 (  9.9%)
    zixl_irY-U1A8bPL51r32iPL~_zixl                                   39947       0.3 (  4.5%)
  zixl_5r5-5Pet1~_zixl                                              736786       6.3         
    zixl_5Pet1 [T]~_zixl                                            736786       5.3 ( 83.5%)
    zixl_55-ZAI8~_zixl                                              736786       0.8 ( 12.8%)
      zixl_3LSP [H]~_zixl                                            10558       0.0 (  2.0%)
      <zixl_I152>~_zixl                                                          0.8 ( 98.0%)
    <zixl_I152>~_zixl                                                            0.2 (  3.5%)

    zixl_irY-rPL5~_zixl                                              73289       1.4 ( 99.9%)
  zixl_irY-52A21p6~_zixl                                             73361       1.4         
    zixl_5Pet1 [G]~_zixl                                             73289       0.9 ( 59.2%)
    zixl_52A21p6-52S~_zixl                                           73289       0.2 ( 15.9%)
      <zixl_I152>~_zixl                                                          0.2 ( 99.9%)
    zixl_3LSP [G]~_zixl                                              73288       0.0 (  2.7%)
    <zixl_I152>~_zixl                                                            0.3 ( 21.6%)

    zixl_5Pet1~_zixl                                                554219       0.2 ( 28.8%)
    zixl_irY-q1L1IAeiz1~_zixl                                        23813       0.0 (  4.9%)
    zixl_irY-rPL5~_zixl                                             143072       0.4 ( 52.8%)
    zixl_irY-34~_zixl                                                45431       0.0 (  3.3%)
    zixl_irY-52A21p6~_zixl                                           73288       0.0 (  5.6%)
    zixl_55-ZAI8~_zixl                                               10558       0.0 (  2.3%)
    <zixl_58i441S>~_zixl                                                         0.0 (  2.3%)
  zixl_3LSP~_zixl                                                   886380       0.7         

    zixl_irY-yA51bA515~_zixl                                            33       0.3 ( 51.3%)
    zixl_irY-5Pet1~_zixl                                                29       0.2 ( 48.7%)
  zixl_IAI-6iI1dA61~_zixl                                               62       0.5         
    zixl_IAI-I16iL1~_zixl                                               58       0.3 ( 70.1%)
      zixl_IAI-I16iL1-A553Z15~_zixl                                      6       0.2 ( 67.8%)
        zixl_4r-rPi [E]~_zixl                                            6       0.2 ( 99.7%)
      zixl_IAI-L1r155AIO~_zixl                                       18685       0.1 ( 17.2%)
        zixl_IAI-5iZf1e2A~_zixl                                      18685       0.1 ( 85.4%)
          zixl_IAI-iLi2gALP32-2AIq12~_zixl                               4       0.0 (  1.5%)
          <zixl_I152>~_zixl                                                      0.0 ( 98.5%)
        <zixl_I152>~_zixl                                                        0.0 ( 14.6%)
      zixl_IAI-5iZhPAe5 [E]~_zixl                                      121       0.0 ( 12.8%)
      <zixl_58i441S>~_zixl                                                       0.0 (  1.6%)
    zixl_IAI-ei62~_zixl                                                 50       0.1 ( 29.6%)
      zixl_52e-ei62~_zixl                                               37       0.1 ( 95.0%)
        zixl_reA35i6O~_zixl                                          19488       0.0 ( 33.4%)
          zixl_L1U-tAI [TR]~_zixl                                    94629       0.0 ( 27.0%)
          <zixl_I152>~_zixl                                                      0.0 ( 73.0%)
        zixl_3LIPee~_zixl                                              752       0.0 ( 30.5%)
          zixl_IUTe-y3ieS-6IPZ-AIIAO~_zixl                               1       0.0 (  4.5%)
          zixl_3LIPee-1921LS-ZA4~_zixl                                 742       0.0 (  2.5%)
          <zixl_I152>~_zixl                                                      0.0 ( 93.0%)
        zixl_5Pet1 [J]~_zixl                                            36       0.0 ( 23.3%)
        zixl_34SA21-ZAI81S-tAI5~_zixl                                   36       0.0 (  1.8%)
        zixl_52e-ei62-4Ii~_zixl                                         36       0.0 (  1.7%)
        zixl_ZAI8-ePqir~_zixl                                           36       0.0 (  1.3%)
        <zixl_I152>~_zixl                                                        0.0 (  7.5%)
      <zixl_I152>~_zixl                                                          0.0 (  4.9%)

    zixl_irY-5Pet1~_zixl                                              2512       0.4 ( 91.6%)
    zixl_irY-iLtAIiAL25~_zixl                                           10       0.0 (  8.4%)
  zixl_irY-4IP4AqA21~_zixl                                            2522       0.5         
    zixl_irY-U1A8bPL51r32iPL~_zixl                                   39947       0.4 ( 76.7%)
      zixl_5r5-5Pet1 [Y]~_zixl                                       39947       0.3 ( 78.1%)
      <zixl_I152>~_zixl                                                          0.1 ( 21.8%)
    zixl_irY-ASSb3y1 [R]~_zixl                                       32721       0.0 (  4.0%)
    zixl_4r-I14PI2aIPP6 [E]~_zixl                                       93       0.0 (  2.6%)
    <zixl_I152>~_zixl                                                            0.1 ( 16.8%)

    zixl_5Pet1~_zixl                                                  3129       0.3 ( 99.9%)
  zixl_I1ePr-34SA21~_zixl                                             3187       0.3         

    zixl_IAI-I16iL1-A553Z15~_zixl                                        6       0.2 ( 77.1%)
    zixl_IAI-ASSgI11s553Z15~_zixl                                        1       0.1 ( 22.9%)
  zixl_4r-rPi~_zixl                                                      7       0.3         
    zixl_rPi-y3ieS~_zixl                                                 3       0.3 ( 99.1%)
      zixl_rPi-510~_zixl                                                24       0.3 ( 89.4%)
        zixl_rPi-54-3LiPLfi66 [R]~_zixl                              23271       0.1 ( 28.8%)
        zixl_rPi-rPZ4I155~_zixl                                         24       0.0 ( 18.6%)
          zixl_rPi-rPZ4I155-5125~_zixl                                  24       0.0 ( 32.9%)
            zixl_rPi-54-rPZ4I155~_zixl                                  24       0.0 ( 97.8%)
            <zixl_I152>~_zixl                                                    0.0 (  2.2%)
          zixl_rPi-54-ZA81bALPLirAe~_zixl                           100317       0.0 ( 32.0%)
          <zixl_I152>~_zixl                                                      0.0 ( 34.9%)
        zixl_rPi-54-3LiPLp6 [R]~_zixl                                30814       0.0 (  2.8%)
        <zixl_I152>~_zixl                                                        0.1 ( 49.9%)
      zixl_rPi-rPZy~_zixl                                            33088       0.0 ( 10.0%)
        zixl_rPi-54-3LiPLp6 [E]~_zixl                                40060       0.0 ( 80.3%)
        zixl_rPi-54-3LiPLp6~_zixl                                    40060       0.0 (  4.3%)
        <zixl_I152>~_zixl                                                        0.0 ( 15.4%)

    zixl_5Pet1~_zixl                                                115655       0.3 ( 97.2%)
    zixl_irY-rPL6iq3I1bPL5~_zixl                                     12805       0.0 (  2.0%)
  zixl_I1ZPt1-5A2i56i1S~_zixl                                       129345       0.3         

    zixl_irY-5Pet1[rPL6iq3I1]~_zixl                                     45       0.0 (  2.6%)
    zixl_irY-5Pet1~_zixl                                              2506       0.3 ( 97.4%)
  zixl_irY-I1512dPet1I5~_zixl                                         2551       0.3         
    zixl_irY-rPL6iq3I1bPL5 [E]~_zixl                                  2551       0.2 ( 71.2%)
    zixl_5r5-I1512 [R]~_zixl                                          2551       0.0 ( 10.0%)
    <zixl_I152>~_zixl                                                            0.0 ( 17.8%)
    <zixl_58i441S>~_zixl                                                         0.0 (  1.0%)

    zixl_irY-rPL5E~_zixl                                               808       0.1 ( 23.4%)
    zixl_irY-Zir~_zixl                                              112016       0.2 ( 74.3%)
    zixl_irY-52I1Lq271L~_zixl                                        21317       0.0 (  1.5%)
  zixl_irY-iLi2iA2iPL~_zixl                                         162209       0.3         
    zixl_5Pet1 [H]~_zixl                                             15415       0.2 ( 80.6%)
    <zixl_I152>~_zixl                                                            0.0 ( 18.5%)

    zixl_irY-I1512dPet1I5~_zixl                                       2551       0.2 ( 98.6%)
    zixl_irY-iLtAIiAL25~_zixl                                           10       0.0 (  1.4%)
  zixl_irY-rPL6iq3I1bPL5~_zixl                                        2561       0.2         
    zixl_L1U-tAI [RD]~_zixl                                         403885       0.0 ( 19.6%)
    zixl_I1ZPt1-5A2i56i1S [Y]~_zixl                                  12805       0.0 (  3.0%)
    <zixl_I152>~_zixl                                                            0.1 ( 75.8%)
    <zixl_58i441S>~_zixl                                                         0.0 (  1.6%)

    zixl_55-I1512~_zixl                                               6914       0.0 (  1.6%)
    zixl_irY-yA51bA515~_zixl                                        206826       0.0 ( 21.4%)
    zixl_irY-rPL6iq3I1xi62gIPL2i1I~_zixl                             55190       0.0 (  5.1%)
    zixl_irY-rPL6iq3I1gIPL2i1I~_zixl                                 33164       0.0 (  3.2%)
    zixl_irY-rPL5E~_zixl                                             14263       0.0 (  1.6%)
    zixl_irY-q1L1IAeiz1~_zixl                                        24070       0.0 (  1.2%)
    zixl_5r5-5Pet1~_zixl                                             38691       0.0 (  5.5%)
    zixl_irY-rPL5~_zixl                                             143212       0.0 (  6.5%)
    zixl_irY-34~_zixl                                                66036       0.0 (  8.2%)
    zixl_irY-52A21p6~_zixl                                           85299       0.0 (  5.9%)
    zixl_irY-rPL6iq3I1bPL5~_zixl                                    403885       0.0 ( 27.4%)
    zixl_irY-iLi2iA2iPL~_zixl                                         7098       0.0 (  1.4%)
    zixl_reA35i6O~_zixl                                              94629       0.0 (  9.0%)
    <zixl_58i441S>~_zixl                                                         0.0 (  2.2%)
  zixl_L1U-tAI~_zixl                                               1201356       0.1         
    zixl_3LSP [R]~_zixl                                               8910       0.0 (  3.5%)
    <zixl_I152>~_zixl                                                            0.1 ( 96.5%)

  <zixl_58i441S>~_zixl                                                           0.7 (  5.7%)

================================================================================
== Profile: PEAK-MEMORY, CPU-freq = 4.00 GHz
                                                          Calls   Peak-Mb         
                                                                                  

    <zixl_543IiP35>~_zixl                                                1      24.0 (100.0%)
  zixl_5eAt1-I3L-ePP4~_zixl                                              1      24.0         
    zixl_5eAt1-I3L-1LqiL1~_zixl                                         22      24.0 (100.0%)
      zixl_IAI-iZ4e-5Pet1~_zixl                                         22      24.0 (100.0%)
        zixl_IAI-5Pet1~_zixl                                            22      24.0 (100.0%)
          zixl_IAI-51234~_zixl                                          78      12.0 ( 50.0%)
            zixl_55-I1512 [R]~_zixl                                    624      12.0 (100.0%)
          zixl_IAI-5Pet1-5Pet1~_zixl                                    78      12.0 ( 50.0%)
            zixl_irY-5Pet1~_zixl                                        78      12.0 (100.0%)
              zixl_IAI-6iI1dA61 [R]~_zixl                               29       4.0 ( 33.3%)
              zixl_irY-5Pet1[rPL6iq3I1]~_zixl                           45       4.0 ( 33.3%)
                zixl_irY-rPL6iq3I1gIPL2i1I~_zixl                        45       4.0 (100.0%)
                  zixl_L1U-r73L8 [R]~_zixl                              76       4.0 (100.0%)
              zixl_irY-52I1Lq271L~_zixl                               2566       4.0 ( 33.3%)
                zixl_irY-rPL51r32iPL [E]~_zixl                       55207       4.0 (100.0%)

    zixl_55-I1512~_zixl                                               3457      12.0 ( 75.0%)
    zixl_irY-rPL6iq3I1gIPL2i1I~_zixl                                    76       4.0 ( 25.0%)
  zixl_L1U-r73L8~_zixl                                                9868      16.0         

    zixl_IAI-51234~_zixl                                               624      12.0 (100.0%)
  zixl_55-I1512~_zixl                                                 3457      12.0         
    zixl_L1U-r73L8 [E]~_zixl                                          3457      12.0 (100.0%)

    zixl_irY-rPL5E~_zixl                                             14263       4.0 (100.0%)
  zixl_L1U-tAI~_zixl                                               1201356       4.0         
    <zixl_I152>~_zixl                                                            4.0 (100.0%)

    zixl_irY-5Pet1~_zixl                                                29       4.0 (100.0%)
  zixl_IAI-6iI1dA61~_zixl                                               62       4.0         
    zixl_IAI-ei62~_zixl                                                 50       4.0 (100.0%)
      zixl_52e-ei62~_zixl                                               37       4.0 (100.0%)
        <zixl_I152>~_zixl                                                        4.0 (100.0%)

    zixl_irY-52I1Lq271L~_zixl                                        55207       4.0 (100.0%)
  zixl_irY-rPL51r32iPL~_zixl                                        651838       4.0         
    zixl_irY-rPL5E~_zixl                                              1169       4.0 (100.0%)
      zixl_L1U-tAI [H]~_zixl                                         14263       4.0 (100.0%)

