================================================================================
== Profile: REAL-TIME, CPU-freq = 4.00 GHz
                                                          Calls Real-Time  Parent 
                                                                   (secs) fraction

    <zixl_543IiP35>~_zixl                                                1      12.0 (100.0%)
  zixl_5eAt1-I3L-ePP4~_zixl                                              1      12.0         
    zixl_5eAt1-I3L-1LqiL1~_zixl                                         78      11.8 ( 98.5%)
      zixl_yZr~_zixl                                                 20924      10.1 ( 85.2%)
        zixl_A553Z1~_zixl                                            20924       4.2 ( 41.4%)
          <zixl_I152>~_zixl                                                      4.2 ( 99.6%)
        zixl_5Pet1 [R]~_zixl                                          9676       4.0 ( 39.4%)
        zixl_reA35i6O [R]~_zixl                                      12354       1.0 (  9.5%)
        zixl_7ALSe1-3L5A2~_zixl                                      20886       0.3 (  2.7%)
          zixl_95eAt1-4IPt1 [T]~_zixl                                 7642       0.2 ( 70.5%)
          zixl_192IAr2-A553Z15 [E]~_zixl                             20886       0.1 ( 27.2%)
          <zixl_I152>~_zixl                                                      0.0 (  2.3%)
        zixl_ZAI8-ePqir [R]~_zixl                                     9676       0.2 (  1.7%)
        zixl_34SA21-ZAI81S-tAI5 [R]~_zixl                             9676       0.1 (  1.4%)
        <zixl_I152>~_zixl                                                        0.3 (  3.1%)
      zixl_iLS3r2iPL~_zixl                                             464       1.5 ( 12.9%)
        zixl_r71r8-2IAr1-1921LSAyiei2O~_zixl                            97       1.1 ( 73.9%)
          zixl_5Pet1 [T]~_zixl                                          96       0.6 ( 48.8%)
          zixl_reA35i6O [T]~_zixl                                      640       0.3 ( 23.7%)
          zixl_34SA21-ZAI81S-tAI5 [T]~_zixl                             96       0.1 (  8.1%)
          zixl_ZAI8-ePqir [T]~_zixl                                     96       0.0 (  3.8%)
          <zixl_I152>~_zixl                                                      0.2 ( 15.6%)
        zixl_5Pet1 [E]~_zixl                                           445       0.2 ( 10.8%)
        zixl_34SA21-re1AI1S-tAI5 [E]~_zixl                             445       0.1 (  4.0%)
        zixl_reA35i6O [E]~_zixl                                        401       0.1 (  4.0%)
        zixl_ZAI8-ePqir [E]~_zixl                                      445       0.1 (  3.3%)
        <zixl_I152>~_zixl                                                        0.0 (  2.8%)
        <zixl_58i441S>~_zixl                                                     0.0 (  1.1%)
      <zixl_I152>~_zixl                                                          0.2 (  1.8%)
    <zixl_I152>~_zixl                                                            0.2 (  1.5%)

    zixl_iLS3r2iPL~_zixl                                               445       0.2 (  3.5%)
    zixl_yZr~_zixl                                                    9676       4.0 ( 84.8%)
    zixl_r71r8-2IAr1-1921LSAyiei2O~_zixl                                96       0.6 ( 11.7%)
  zixl_5Pet1~_zixl                                                   10217       4.7         
    zixl_ALAeOz1~_zixl                                               19478       0.9 ( 19.7%)
      zixl_q1L1IA21-reA351~_zixl                                     19478       0.5 ( 49.1%)
      zixl_y3Z4-tAI5~_zixl                                           19478       0.4 ( 44.0%)
      zixl_ZiLiZiz1-rPL6eir2~_zixl                                   19478       0.0 (  4.0%)
      zixl_6iLi57~_zixl                                              19478       0.0 (  2.4%)
    zixl_3LSP [R]~_zixl                                              19508       0.2 (  3.6%)
    zixl_I1ZPt1-5A2i56i1S~_zixl                                        295       0.1 (  2.6%)
    <zixl_I152>~_zixl                                                            3.4 ( 73.0%)
    <zixl_58i441S>~_zixl                                                         0.1 (  1.1%)

    zixl_iLS3r2iPL~_zixl                                               401       0.1 (  4.7%)
    zixl_yZr~_zixl                                                   12354       1.0 ( 74.5%)
    zixl_r71r8-2IAr1-1921LSAyiei2O~_zixl                               640       0.3 ( 20.8%)
  zixl_reA35i6O~_zixl                                                13395       1.3         
    zixl_L1U-tAI~_zixl                                             1429847       0.3 ( 23.1%)
      zixl_3LSP [E]~_zixl                                             8340       0.1 ( 30.3%)
      <zixl_I152>~_zixl                                                          0.2 ( 69.7%)
    <zixl_I152>~_zixl                                                            1.0 ( 76.9%)

    zixl_L1U-tAI~_zixl                                                8340       0.1 ( 32.9%)
    zixl_5Pet1~_zixl                                                 19508       0.2 ( 61.9%)
    zixl_34SA21-ZAI81S-tAI5~_zixl                                     1833       0.0 (  5.2%)
  zixl_3LSP~_zixl                                                    29686       0.3         

    zixl_iLS3r2iPL~_zixl                                               445       0.1 ( 18.8%)
    zixl_yZr~_zixl                                                    9676       0.2 ( 65.3%)
    zixl_r71r8-2IAr1-1921LSAyiei2O~_zixl                                96       0.0 ( 15.9%)
  zixl_ZAI8-ePqir~_zixl                                              10217       0.3         

    zixl_iLS3r2iPL~_zixl                                               445       0.0 (  5.1%)
    zixl_yZr~_zixl                                                    9676       0.1 ( 57.3%)
    zixl_r71r8-2IAr1-1921LSAyiei2O~_zixl                                96       0.1 ( 37.6%)
  zixl_34SA21-ZAI81S-tAI5~_zixl                                      10217       0.2         
    zixl_3LSP [T]~_zixl                                               1833       0.0 (  5.8%)
    <zixl_I152>~_zixl                                                            0.2 ( 94.2%)

    zixl_7ALSe1-3L5A2~_zixl                                           7642       0.2 ( 99.4%)
  zixl_95eAt1-4IPt1~_zixl                                             7690       0.2         
    zixl_A5iP-51LS [F]~_zixl                                          7690       0.2 ( 79.4%)
    <zixl_I152>~_zixl                                                            0.0 ( 20.6%)

    zixl_95eAt1-4IPt1~_zixl                                           7690       0.2 ( 99.1%)
  zixl_A5iP-51LS~_zixl                                                7811       0.2         

    zixl_iLS3r2iPL~_zixl                                               445       0.1 ( 43.9%)
    zixl_yZr~_zixl                                                    9676       0.1 ( 55.4%)
  zixl_34SA21-re1AI1S-tAI5~_zixl                                     10217       0.1         
    <zixl_I152>~_zixl                                                            0.1 (100.0%)


================================================================================
== Profile: PEAK-MEMORY, CPU-freq = 4.00 GHz
                                                          Calls   Peak-Mb         
                                                                                  

    <zixl_543IiP35>~_zixl                                                1     348.0 (100.0%)
  zixl_5eAt1-I3L-ePP4~_zixl                                              1     348.0         
    zixl_5eAt1-I3L-1LqiL1~_zixl                                         78     348.0 (100.0%)
      zixl_yZr~_zixl                                                 20924     252.0 ( 72.4%)
        zixl_reA35i6O [R]~_zixl                                      12354     144.0 ( 57.1%)
        zixl_A553Z1~_zixl                                            20924      68.0 ( 27.0%)
          zixl_3LIPee-1921LS-ZA4 [R]~_zixl                            8754       4.0 (  5.9%)
          <zixl_I152>~_zixl                                                     64.0 ( 94.1%)
        zixl_5Pet1 [R]~_zixl                                          9676      16.0 (  6.3%)
        zixl_ZAI8-ePqir [R]~_zixl                                     9676      12.0 (  4.8%)
        <zixl_I152>~_zixl                                                       12.0 (  4.8%)
      zixl_iLS3r2iPL~_zixl                                             464      96.0 ( 27.6%)
        zixl_r71r8-2IAr1-1921LSAyiei2O~_zixl                            97      84.0 ( 87.5%)
          zixl_reA35i6O [T]~_zixl                                      640      64.0 ( 76.2%)
          zixl_ZAI8-ePqir [T]~_zixl                                     96       4.0 (  4.8%)
          zixl_34SA21-ZAI81S-tAI5 [T]~_zixl                             96       4.0 (  4.8%)
          zixl_5Pet1 [T]~_zixl                                          96       4.0 (  4.8%)
          <zixl_I152>~_zixl                                                      8.0 (  9.5%)
        zixl_IUTe-y3ieS-6IPZ-AIIAO~_zixl                                 1       4.0 (  4.2%)
        zixl_ZAI8-ePqir [E]~_zixl                                      445       4.0 (  4.2%)
        zixl_reA35i6O [E]~_zixl                                        401       4.0 (  4.2%)

    zixl_iLS3r2iPL~_zixl                                               401       4.0 (  1.9%)
    zixl_yZr~_zixl                                                   12354     144.0 ( 67.9%)
    zixl_r71r8-2IAr1-1921LSAyiei2O~_zixl                               640      64.0 ( 30.2%)
  zixl_reA35i6O~_zixl                                                13395     212.0         
    zixl_L1U-tAI~_zixl                                             1429847     120.0 ( 56.6%)
      <zixl_I152>~_zixl                                                        120.0 (100.0%)
    zixl_L1U-r73L8 [R]~_zixl                                            98      28.0 ( 13.2%)
    <zixl_I152>~_zixl                                                           64.0 ( 30.2%)

    zixl_reA35i6O~_zixl                                                 98      28.0 (100.0%)
  zixl_L1U-r73L8~_zixl                                                 107      28.0         

    zixl_iLS3r2iPL~_zixl                                               445       4.0 ( 20.0%)
    zixl_yZr~_zixl                                                    9676      12.0 ( 60.0%)
    zixl_r71r8-2IAr1-1921LSAyiei2O~_zixl                                96       4.0 ( 20.0%)
  zixl_ZAI8-ePqir~_zixl                                              10217      20.0         

    zixl_yZr~_zixl                                                    9676      16.0 ( 80.0%)
    zixl_r71r8-2IAr1-1921LSAyiei2O~_zixl                                96       4.0 ( 20.0%)
  zixl_5Pet1~_zixl                                                   10217      20.0         
    zixl_ALAeOz1~_zixl                                               19478       4.0 ( 20.0%)
      zixl_q1L1IA21-reA351~_zixl                                     19478       4.0 (100.0%)
    <zixl_I152>~_zixl                                                           16.0 ( 80.0%)

    zixl_A553Z1~_zixl                                                 8754       4.0 (100.0%)
  zixl_3LIPee-1921LS-ZA4~_zixl                                        8896       4.0         

    zixl_r71r8-2IAr1-1921LSAyiei2O~_zixl                                96       4.0 (100.0%)
  zixl_34SA21-ZAI81S-tAI5~_zixl                                      10217       4.0         
    <zixl_I152>~_zixl                                                            4.0 (100.0%)

