================================================================================
== Profile: REAL-TIME, CPU-freq = 4.00 GHz
                                                          Calls Real-Time  Parent 
                                                                  (milli) fraction

    <zixl_543IiP35>~_zixl                                                1      55.8 (100.0%)
  zixl_5eAt1-I3L-ePP4~_zixl                                              1      55.8         
    zixl_5eAt1-I3L-1LqiL1~_zixl                                          3       2.3 (  4.2%)
      zixl_IAI-iZ4e-5Pet1~_zixl                                          3       1.6 ( 68.8%)
        zixl_IAI-5Pet1~_zixl                                             3       1.3 ( 78.1%)
          zixl_IAI-5Pet1-5Pet1~_zixl                                     3       1.0 ( 78.7%)
            zixl_irY-5Pet1~_zixl                                         3       1.0 ( 99.3%)
              zixl_irY-52I1Lq271L~_zixl                                  2       0.5 ( 52.3%)
                zixl_irY-q1L1IAeiz1~_zixl                                5       0.3 ( 57.8%)
                  zixl_irY-Zir~_zixl                                     5       0.2 ( 72.0%)
                    zixl_irY-rPL51r32iPL [R]~_zixl                       7       0.1 ( 63.4%)
                    zixl_irY-34~_zixl                                    4       0.1 ( 28.6%)
                      zixl_5r5-5Pet1 [T]~_zixl                           4       0.0 ( 27.8%)
                      zixl_5Pet1 [F]~_zixl                               4       0.0 (  9.5%)
                      zixl_L1U-tAI [RT]~_zixl                            4       0.0 (  1.7%)
                      <zixl_I152>~_zixl                                          0.0 ( 60.5%)
                    zixl_irY-PIS1Ib3y1~_zixl                             5       0.0 (  3.0%)
                      zixl_irY-UPISb3y1~_zixl                            5       0.0 ( 40.7%)
                      zixl_irY-PIS1Ib3y1-y~_zixl                         4       0.0 ( 39.3%)
                      <zixl_I152>~_zixl                                          0.0 ( 19.9%)
                    <zixl_I152>~_zixl                                            0.0 (  4.4%)
                  zixl_irY-rPL51r32iPL [T]~_zixl                         3       0.0 ( 16.7%)
                  zixl_irY-ASSb3y1~_zixl                                 5       0.0 (  4.4%)
                    zixl_irY-34SA21xi2pIS1I~_zixl                        5       0.0 ( 25.5%)
                      zixl_irY-7eP-rP3L2~_zixl                           5       0.0 ( 87.3%)
                      <zixl_I152>~_zixl                                          0.0 ( 12.7%)
                    zixl_irY-ASSb3y1-iL51I2~_zixl                        5       0.0 ( 11.4%)
                    zixl_3LSP [T]~_zixl                                  2       0.0 (  3.7%)
                    zixl_L1U-tAI [RE]~_zixl                              3       0.0 (  3.1%)
                    <zixl_I152>~_zixl                                            0.0 ( 56.3%)
                  <zixl_I152>~_zixl                                              0.0 (  5.9%)
                zixl_irY-rPL51r32iPL [E]~_zixl                           9       0.2 ( 29.6%)
                zixl_irY-52A21p6[gIPL2i1I]~_zixl                         2       0.0 (  4.5%)
                  zixl_5Pet1 [Y]~_zixl                                   2       0.0 ( 54.7%)
                  <zixl_I152>~_zixl                                              0.0 ( 45.3%)
                zixl_5r5-5Pet1 [E]~_zixl                                 3       0.0 (  3.6%)
                <zixl_I152>~_zixl                                                0.0 (  4.5%)
              zixl_irY-yA51bA515~_zixl                                   3       0.2 ( 21.0%)
                zixl_5Pet1 [R]~_zixl                                     6       0.1 ( 27.2%)
                zixl_L1U-tAI [T]~_zixl                                  82       0.0 ( 12.5%)
                zixl_IAI-6iI1dA61 [R]~_zixl                              1       0.0 (  9.9%)
                zixl_55-ASSdP3Ir1 [R]~_zixl                             25       0.0 (  1.6%)
                <zixl_I152>~_zixl                                                0.1 ( 48.5%)
              zixl_irY-5Pet1[rPL6iq3I1]~_zixl                            1       0.1 (  8.9%)
                zixl_irY-rPL6iq3I1gIPL2i1I~_zixl                         1       0.0 ( 44.4%)
                  zixl_L1U-tAI [D]~_zixl                                29       0.0 ( 10.0%)
                  zixl_I1ePr-rP4O [R]~_zixl                              1       0.0 (  9.4%)
                  zixl_I1ePr-34SA21 [R]~_zixl                            1       0.0 (  7.9%)
                  zixl_I1ZPt1-5A2i56i1S [T]~_zixl                        5       0.0 (  4.5%)
                  zixl_55-ASSdP3Ir1 [Y]~_zixl                            6       0.0 (  1.2%)
                  zixl_L1U-r73L8 [T]~_zixl                               2       0.0 (  1.0%)
                  <zixl_I152>~_zixl                                              0.0 ( 64.9%)
                  <zixl_58i441S>~_zixl                                           0.0 (  1.2%)
                zixl_irY-rPL6iq3I1xi62gIPL2i1I~_zixl                     1       0.0 ( 27.0%)
                  zixl_L1U-tAI [Y]~_zixl                                28       0.0 ( 19.4%)
                  zixl_I1ZPt1-5A2i56i1S [R]~_zixl                        5       0.0 (  4.3%)
                  zixl_55-ASSdP3Ir1 [T]~_zixl                            5       0.0 (  2.0%)
                  zixl_71A4-I1y3ieS [R]~_zixl                            1       0.0 (  1.0%)
                  <zixl_I152>~_zixl                                              0.0 ( 72.7%)
                zixl_irY-I1512dPet1I5 [E]~_zixl                          1       0.0 ( 15.5%)
                zixl_55-I1512 [T]~_zixl                                  1       0.0 (  4.6%)
                zixl_5r5-I1512 [E]~_zixl                                 1       0.0 (  3.7%)
                <zixl_I152>~_zixl                                                0.0 (  4.8%)
              zixl_IAI-4IPt1 [E]~_zixl                                   2       0.1 (  5.3%)
              zixl_IAI-6iI1dA61 [E]~_zixl                                1       0.0 (  4.6%)
              zixl_irY-4IP4AqA21~_zixl                                   1       0.0 (  1.8%)
                zixl_irY-U1A8bPL51r32iPL~_zixl                           2       0.0 ( 66.0%)
                  zixl_5r5-5Pet1 [Y]~_zixl                               2       0.0 ( 59.4%)
                  <zixl_I152>~_zixl                                              0.0 ( 40.6%)
                <zixl_I152>~_zixl                                                0.0 ( 34.0%)
              zixl_irY-I1512dPet1I5 [R]~_zixl                            1       0.0 (  1.2%)
              <zixl_I152>~_zixl                                                  0.0 (  3.9%)
          zixl_IAI-51234~_zixl                                           3       0.2 ( 17.1%)
            zixl_55-I1512 [R]~_zixl                                     24       0.1 ( 61.6%)
            zixl_IAI-rPL52I3r2~_zixl                                     3       0.0 (  5.0%)
              zixl_yeL-rI1A21-i21~_zixl                                  6       0.0 ( 20.9%)
              <zixl_I152>~_zixl                                                  0.0 ( 79.1%)
            <zixl_I152>~_zixl                                                    0.1 ( 33.4%)
          zixl_IAI-4IiL2sy52IAr2iPL~_zixl                                1       0.0 (  2.2%)
            zixl_95eAt1-I14PI2-Ay52IAr2iPL~_zixl                         1       0.0 ( 85.4%)
              zixl_A5iP-51LS [H]~_zixl                                   1       0.0 ( 64.9%)
              <zixl_I152>~_zixl                                                  0.0 ( 35.1%)
            <zixl_I152>~_zixl                                                    0.0 ( 14.6%)
          <zixl_I152>~_zixl                                                      0.0 (  1.3%)
        zixl_4r-4IPt1~_zixl                                              3       0.1 (  8.1%)
          zixl_5Pet1 [E]~_zixl                                           3       0.0 ( 25.2%)
          zixl_55-I1512 [E]~_zixl                                        1       0.0 ( 16.7%)
          zixl_L1U-tAI [R]~_zixl                                        18       0.0 (  6.2%)
          zixl_55-ASSdP3Ir1 [E]~_zixl                                    3       0.0 (  1.6%)
          <zixl_I152>~_zixl                                                      0.1 ( 50.4%)
        <zixl_I152>~_zixl                                                        0.2 ( 13.4%)
      zixl_A5iP-I1rt [E]~_zixl                                           1       0.2 (  6.7%)
      zixl_4r-4Pee-S1e2A~_zixl                                           1       0.1 (  3.6%)
        zixl_A5iP-I1rt [R]~_zixl                                         1       0.1 ( 76.0%)
        zixl_A5iP-51LS [R]~_zixl                                         1       0.0 (  9.7%)
        <zixl_I152>~_zixl                                                        0.0 ( 14.3%)
      zixl_95eAt1-t52A21-4Pee~_zixl                                      1       0.1 (  2.2%)
        zixl_A5iP-I1rt [T]~_zixl                                         1       0.0 ( 63.3%)
        zixl_A5iP-51LS [T]~_zixl                                         1       0.0 ( 15.6%)
        <zixl_I152>~_zixl                                                        0.0 ( 21.2%)
      zixl_A5iP-51LS [E]~_zixl                                           1       0.0 (  1.1%)
      <zixl_I152>~_zixl                                                          0.4 ( 17.4%)
    <zixl_I152>~_zixl                                                           53.3 ( 95.7%)

  <zixl_58i441S>~_zixl                                                           2.0 (  3.5%)

================================================================================
== Profile: PEAK-MEMORY, CPU-freq = 4.00 GHz
                                                          Calls   Peak-Mb         
                                                                                  

    <zixl_543IiP35>~_zixl                                                1      12.0 (100.0%)
  zixl_5eAt1-I3L-ePP4~_zixl                                              1      12.0         
    zixl_5eAt1-I3L-1LqiL1~_zixl                                          3      12.0 (100.0%)
      zixl_IAI-iZ4e-5Pet1~_zixl                                          3      12.0 (100.0%)
        zixl_IAI-5Pet1~_zixl                                             3      12.0 (100.0%)
          zixl_IAI-51234~_zixl                                           3       8.0 ( 66.7%)
            zixl_55-I1512 [R]~_zixl                                     24       8.0 (100.0%)
          zixl_IAI-5Pet1-5Pet1~_zixl                                     3       4.0 ( 33.3%)
            zixl_irY-5Pet1~_zixl                                         3       4.0 (100.0%)
              zixl_irY-yA51bA515~_zixl                                   3       4.0 (100.0%)
                zixl_5Pet1 [R]~_zixl                                     6       4.0 (100.0%)

    zixl_55-I1512~_zixl                                                 31       8.0 ( 66.7%)
    zixl_5Pet1~_zixl                                                     8       4.0 ( 33.3%)
  zixl_L1U-r73L8~_zixl                                                  41      12.0         

    zixl_IAI-51234~_zixl                                                24       8.0 (100.0%)
  zixl_55-I1512~_zixl                                                   31       8.0         
    zixl_L1U-r73L8 [E]~_zixl                                            31       8.0 (100.0%)

    zixl_irY-yA51bA515~_zixl                                             6       4.0 (100.0%)
  zixl_5Pet1~_zixl                                                      51       4.0         
    zixl_L1U-r73L8 [R]~_zixl                                             8       4.0 (100.0%)

