================================================================================
== Profile: REAL-TIME, CPU-freq = 4.00 GHz
                                                          Calls Real-Time  Parent 
                                                                  (milli) fraction

    <zixl_543IiP35>~_zixl                                                1     523.7 (100.0%)
  zixl_L125A5-ZAiL~_zixl                                                 1     523.7         
    zixl_L125A5-1t1L2-ePP4~_zixl                                         1     513.4 ( 98.0%)
      zixl_L125A5-52AI234~_zixl                                          1     164.6 ( 32.1%)
        zixl_L125A5-iLi2-6ISy~_zixl                                      1      93.1 ( 56.6%)
          zixl_L125A5-ePAS-L12ei52~_zixl                                 1      65.7 ( 70.6%)
            zixl_6ISy-ePAS-L12ei52~_zixl                                 1      65.5 ( 99.6%)
              zixl_I152PI1-5Le~_zixl                                     1      65.5 (100.0%)
                zixl_zi_5Le_rPL2192_I152PI1~_zixl                        1      65.4 ( 99.9%)
                  zixl_5Le-I52I-iLi2iAe-I1q-tAe315~_zixl                 1      39.0 ( 59.5%)
                  zixl_5Le-I52I-iS-AIIAO~_zixl                           1       1.9 (  2.9%)
                    zixl_5Le_I52I_5Le_194I~_zixl                      1355       1.5 ( 79.1%)
                      zixl_I152PI1-194I-5Ir5iL8~_zixl                  502       0.4 ( 28.6%)
                      zixl_I152PI1-194I-194I~_zixl                     633       0.2 ( 15.5%)
                      zixl_I152PI1-194I-I1q~_zixl                       81       0.1 (  7.2%)
                      <zixl_I152>~_zixl                                          0.7 ( 48.7%)
                    zixl_194I_rPZ4e121_rP4O~_zixl                        1       0.3 ( 15.6%)
                      zixl_I15Pet1_6A81_194I~_zixl                    1355       0.2 ( 72.8%)
                      <zixl_I152>~_zixl                                          0.1 ( 27.2%)
                    <zixl_I152>~_zixl                                            0.1 (  5.2%)
                  <zixl_I152>~_zixl                                             24.5 ( 37.4%)
          zixl_6ISy-rI1A21-6IPZ-6PIZAe-Sy~_zixl                          1      27.3 ( 29.3%)
            zixl_rPZ4Sy-I152PI1~_zixl                                    1      24.7 ( 90.5%)
              zixl_rPZ4Sy-I152PI1-Sy~_zixl                               1      24.7 (100.0%)
                zixl_I152PI1-SSy~_zixl                                   1       5.4 ( 21.8%)
                zixl_I152PI1-4Sy~_zixl                                   1       3.5 ( 14.2%)
                zixl_I152PI1-ArSy~_zixl                                  1       3.4 ( 13.6%)
                zixl_rPZ4Sy-I152PI1-rSy~_zixl                            1       2.3 (  9.3%)
                <zixl_I152>~_zixl                                               10.2 ( 41.1%)
            <zixl_I152>~_zixl                                                    2.4 (  8.9%)
        zixl_eir1L51-5OLr-r71r8P32~_zixl                                 1      71.5 ( 43.4%)
      zixl_L125A5-52AI2-I3L~_zixl                                        1     142.9 ( 27.8%)
        zixl_L125A5-34SA21-6ISy~_zixl                                    1      73.5 ( 51.5%)
          zixl_55Z-34SA21-6ISy~_zixl                                     1      46.3 ( 63.0%)
            <zixl_I152>~_zixl                                                   46.2 ( 99.7%)
          zixl_5At1-ArSy [E]~_zixl                                       1       5.0 (  6.8%)
          <zixl_I152>~_zixl                                                     22.2 ( 30.1%)
        zixl_L125A5-rI1A21-yeL~_zixl                                     1      36.6 ( 25.6%)
          zixl_5ry-6i942~_zixl                                           1      26.9 ( 73.6%)
            zixl_UeLfA2AB1S3r1~_zixl                                     1      26.5 ( 98.3%)
              zixl_UeL-w352i6O~_zixl                                     1      26.2 ( 99.0%)
                zixl_UeL-5LeTUeL~_zixl                                   1      26.0 ( 99.4%)
                  <zixl_I152>~_zixl                                             25.9 ( 99.5%)
          zixl_5ry-58i4_yLe~_zixl                                        1       9.6 ( 26.3%)
            zixl_yeLdLe-P32~_zixl                                        6       2.7 ( 27.6%)
              zixl_yeLdLe-yy~_zixl                                      11       2.6 ( 98.2%)
                zixl_IUTe-y3ieS-6IPZ-AIIAO~_zixl                         1       1.9 ( 71.2%)
                zixl_yeLdLe-yy-yy~_zixl                                135       0.3 ( 10.1%)
                  zixl_yy-yy [T]~_zixl                                 135       0.3 ( 98.6%)
                  <zixl_I152>~_zixl                                              0.0 (  1.4%)
                <zixl_I152>~_zixl                                                0.5 ( 18.8%)
              <zixl_I152>~_zixl                                                  0.0 (  1.8%)
            <zixl_I152>~_zixl                                                    7.0 ( 72.4%)
        zixl_L125A5-iLi2-55Z~_zixl                                       1       9.7 (  6.8%)
          zixl_5At1-ArSy [R]~_zixl                                       1       6.1 ( 62.3%)
          zixl_55Zr-I1512-510~_zixl                                      1       2.2 ( 22.7%)
            zixl_55Z-I1512-510~_zixl                                     1       2.2 ( 99.9%)
          zixl_55Zr-4I14AI1-5Le~_zixl                                    1       1.4 ( 14.9%)
            zixl_bPZ4321VSq1CAt16PIZ5~_zixl                              1       0.3 ( 20.6%)
              zixl_dLen1Ii6OV94Ic1IP~_zixl                              28       0.1 ( 26.4%)
                zixl_yy-yy [E]~_zixl                                    11       0.0 ( 62.7%)
                <zixl_I152>~_zixl                                                0.0 ( 37.3%)
              <zixl_I152>~_zixl                                                  0.2 ( 73.6%)
            zixl_5Le-eiL8-S15iqL [R]~_zixl                               1       0.2 ( 10.5%)
            <zixl_I152>~_zixl                                                    1.0 ( 68.9%)
        zixl_5Ir7-r2Ie-4I14AI1~_zixl                                     1       3.3 (  2.3%)
          zixl_oZ4eiri2bePr8fPZAiLb~_zixl                                1       0.6 ( 18.9%)
            zixl_bPZ4321see~_zixl                                        1       0.4 ( 70.5%)
            zixl_zi_5Le_y65_i21IA2PI_iLi2~_zixl                          1       0.2 ( 24.1%)
              zixl_zi_5Le_2P4PePqirAe_5PI2_iLi2~_zixl                    1       0.1 ( 72.4%)
              <zixl_I152>~_zixl                                                  0.0 ( 27.6%)
            zixl_aP43eA21d2AIV94I5~_zixl                                 1       0.0 (  5.0%)
          zixl_5iZ3eA21-iLi2-510~_zixl                                   1       0.4 ( 11.2%)
            zixl_diZ3eA21dLeoZ4eb::diZ3eA21 [E]~_zixl                    2       0.0 (  9.0%)
            zixl_A5iP-51LS [F]~_zixl                                     1       0.0 (  5.1%)
            zixl_diZ3eA21dLeoZ4eb::bP4OseefNPX~_zixl                     2       0.0 (  2.3%)
            <zixl_I152>~_zixl                                                    0.3 ( 83.5%)
          zixl_5Le-e1t1e-rPZ4321-Aee [R]~_zixl                           1       0.0 (  1.2%)
          <zixl_I152>~_zixl                                                      2.3 ( 68.1%)
        <zixl_I152>~_zixl                                                       19.5 ( 13.7%)
      <zixl_I152>~_zixl                                                        202.4 ( 39.4%)
    <zixl_I152>~_zixl                                                           10.2 (  2.0%)

    <zixl_543IiP35>~_zixl                                                1     160.9 (100.0%)
  zixl_PIr-27I1AS~_zixl                                                  1     160.9         
    zixl_PIr-I3L~_zixl                                                   1     124.9 ( 77.7%)
      zixl_PIr-ZA521I-I3L-PL1~_zixl                                     86     124.3 ( 99.5%)
        <zixl_I152>~_zixl                                                      122.9 ( 98.9%)
        <zixl_58i441S>~_zixl                                                     1.4 (  1.1%)
    zixl_PIr-5732SPUL~_zixl                                              1      35.9 ( 22.3%)
      <zixl_I152>~_zixl                                                         35.7 ( 99.4%)

    zixl_L125A5-34SA21-6ISy~_zixl                                        1       5.0 ( 45.4%)
    zixl_L125A5-iLi2-55Z~_zixl                                           1       6.1 ( 54.6%)
  zixl_5At1-ArSy~_zixl                                                   2      11.1         


================================================================================
== Profile: PEAK-MEMORY, CPU-freq = 4.00 GHz
                                                          Calls   Peak-Mb         
                                                                                  

    <zixl_543IiP35>~_zixl                                                1     112.0 (100.0%)
  zixl_L125A5-ZAiL~_zixl                                                 1     112.0         
    zixl_L125A5-1t1L2-ePP4~_zixl                                         1     112.0 (100.0%)
      zixl_L125A5-52AI234~_zixl                                          1      84.0 ( 75.0%)
        zixl_L125A5-iLi2-6ISy~_zixl                                      1      84.0 (100.0%)
          zixl_L125A5-ePAS-L12ei52~_zixl                                 1      84.0 (100.0%)
            zixl_6ISy-ePAS-L12ei52~_zixl                                 1      84.0 (100.0%)
              zixl_I152PI1-5Le~_zixl                                     1      84.0 (100.0%)
                zixl_zi_5Le_rPL2192_I152PI1~_zixl                        1      84.0 (100.0%)
                  <zixl_I152>~_zixl                                             84.0 (100.0%)
      zixl_L125A5-52AI2-I3L~_zixl                                        1      28.0 ( 25.0%)
        zixl_L125A5-rI1A21-yeL~_zixl                                     1      24.0 ( 85.7%)
          zixl_5ry-6i942~_zixl                                           1      24.0 (100.0%)
            zixl_UeLfA2AB1S3r1~_zixl                                     1      24.0 (100.0%)
              zixl_UeL-w352i6O~_zixl                                     1      24.0 (100.0%)
                zixl_UeL-5LeTUeL~_zixl                                   1      24.0 (100.0%)
                  <zixl_I152>~_zixl                                             24.0 (100.0%)
        zixl_L125A5-34SA21-6ISy~_zixl                                    1       4.0 ( 14.3%)
          <zixl_I152>~_zixl                                                      4.0 (100.0%)

