================================================================================
== Profile: REAL-TIME, CPU-freq = 4.00 GHz
                                                          Calls Real-Time  Parent 
                                                                   (secs) fraction

    <zixl_543IiP35>~_zixl                                                1       9.2 (100.0%)
  zixl_z57-ZAiL~_zixl                                                    1       9.2         
    zixl_zi_iSe2_I3L_tP42~_zixl                                          1       5.8 ( 63.2%)
      zixl_iSe2-4IPr155~_zixl                                            1       5.8 (100.0%)
        zixl_tP42-ZAiL~_zixl                                             1       3.5 ( 60.4%)
          <zixl_I152>~_zixl                                                      3.5 ( 99.1%)
        zixl_iSe2-5At1~_zixl                                             1       0.3 (  5.2%)
          zixl_42-5At1~_zixl                                             9       0.1 ( 33.4%)
          zixl_32q-5At1~_zixl                                            1       0.0 (  4.7%)
          <zixl_I152>~_zixl                                                      0.2 ( 61.9%)
        <zixl_I152>~_zixl                                                        2.0 ( 34.4%)
    <zixl_I152>~_zixl                                                            3.4 ( 36.8%)


================================================================================
== Profile: PEAK-MEMORY, CPU-freq = 4.00 GHz
                                                          Calls   Peak-Mb         
                                                                                  

    <zixl_543IiP35>~_zixl                                                1      24.0 (100.0%)
  zixl_z57-ZAiL~_zixl                                                    1      24.0         
    zixl_zi_iSe2_I3L_tP42~_zixl                                          1      20.0 ( 83.3%)
      zixl_iSe2-4IPr155~_zixl                                            1      20.0 (100.0%)
        zixl_tP42-ZAiL~_zixl                                             1      12.0 ( 60.0%)
          <zixl_I152>~_zixl                                                     12.0 (100.0%)
        <zixl_I152>~_zixl                                                        8.0 ( 40.0%)
    <zixl_I152>~_zixl                                                            4.0 ( 16.7%)

