================================================================================
== Profile: REAL-TIME, CPU-freq = 4.00 GHz
                                                          Calls Real-Time  Parent 
                                                                   (secs) fraction

    <zixl_543IiP35>~_zixl                                                1       3.5 (100.0%)
  zixl_z57-ZAiL~_zixl                                                    1       3.5         
    zixl_zi_z57_rI1A21_5Le_ALS_4118tAI~_zixl                             1       3.2 ( 90.9%)
      zixl_zi_rI1A21_5Le_6IPZ_7i1IqIA47~_zixl                            1       1.7 ( 54.6%)
        zixl_jQx-NP-dQx-rI1A2iPL~_zixl                                   1       1.7 ( 98.3%)
          zixl_bPee1r2atoL6P~_zixl                                       1       0.2 ( 13.1%)
            zixl_y35-q12-SIitiLq-194I-6PI-5Le~_zixl                   2008       0.2 ( 97.7%)
              <zixl_I152>~_zixl                                                  0.2 ( 99.4%)
            <zixl_I152>~_zixl                                                    0.0 (  2.3%)
          zixl_bPLt1I2QeV94INPdLeV94I~_zixl                              1       0.1 (  5.3%)
            zixl_y3ieS_194I~_zixl                                    43186       0.0 (  4.3%)
            zixl_4P52_4IPr155_194I~_zixl                             43186       0.0 (  2.6%)
            <zixl_I152>~_zixl                                                    0.1 ( 93.0%)
          zixl_p42iZiz1QeV94I:p42V94INAye1~_zixl                         1       0.1 (  4.6%)
          zixl_bPLL1r2g323I1bePr8V94I5~_zixl                             1       0.0 (  1.7%)
            zixl_diZ4ei6OmPPe1ALV94I~_zixl                              70       0.0 (  2.5%)
              zixl_yy-yy [T]~_zixl                                      69       0.0 (  3.7%)
              <zixl_I152>~_zixl                                                  0.0 ( 96.3%)
            zixl_bPZ4321fIitiLqxPqir~_zixl                              72       0.0 (  2.2%)
              zixl_NIAt1I51gALiLbPLL1r2iPLm3661I5B1r3I5it1~_zixl         70       0.0 ( 86.8%)
              zixl_f34sLSB14eAr1u5iLqNAye1~_zixl                        70       0.0 (  4.6%)
              <zixl_I152>~_zixl                                                  0.0 (  8.6%)
            <zixl_I152>~_zixl                                                    0.0 ( 95.4%)
          zixl_dLen1Ii6OV94Ic1IP [E]~_zixl                             363       0.0 (  1.3%)
          <zixl_I152>~_zixl                                                      1.3 ( 73.1%)
        <zixl_I152>~_zixl                                                        0.0 (  1.5%)
      zixl_zi_A16_51234_ALS_rI1A21_L12ei52_6PIZAe~_zixl                  1       1.2 ( 36.5%)
        zixl_A16_6PIZAe_rI1A21_SyP_ZPS1e5_SAq~_zixl                      1       0.9 ( 79.4%)
        zixl_A16_6PIZAe_rI1A21_L12ei52~_zixl                             1       0.2 ( 20.5%)
          zixl_zi_A16_6PIZAe_rI1A21_L12ei52~_zixl                        1       0.2 ( 99.9%)
            zixl_zi_SyP_ZPS1e_q12_PI_ZA81_Le_qIA47_r352PZ [E]~_zixl         18       0.2 ( 86.4%)
            zixl_6eA221L_qIA47_I1Ae~_zixl                                9       0.0 ( 10.7%)
              zixl_zi_Le_iLeiL1_53yr82~_zixl                            42       0.0 ( 90.0%)
                zixl_zi_Le_rP4O_4AI1L2_qIA47~_zixl                      42       0.0 ( 99.1%)
                  zixl_rP4O_LPS1~_zixl                                6648       0.0 ( 86.3%)
                  zixl_rP4O_rPLL~_zixl                                6489       0.0 (  7.3%)
                  zixl_rP4O_4118tAI~_zixl                              243       0.0 (  2.8%)
                  zixl_rP4O_y35~_zixl                                 6489       0.0 (  2.3%)
                  <zixl_I152>~_zixl                                              0.0 (  1.4%)
              <zixl_I152>~_zixl                                                  0.0 (  9.9%)
            <zixl_I152>~_zixl                                                    0.0 (  2.5%)
      zixl_Qxji1IhIA47bPL2192::q12ji1IhIA47~_zixl                        1       0.1 (  2.7%)
        zixl_I152PI1_7i1I_Le~_zixl                                       1       0.0 ( 29.0%)
        zixl_jQx_bpQdN_aBpa~_zixl                                        1       0.0 ( 11.5%)
          zixl_aIP4AqA21bPL52AL2~_zixl                                   1       0.0 ( 66.8%)
            zixl_QxV94IQPS1VtAe3A21~_zixl                              521       0.0 ( 60.4%)
              zixl_4IP4bPL52oL2PV94I [E]~_zixl                       10082       0.0 ( 27.3%)
              <zixl_I152>~_zixl                                                  0.0 ( 72.6%)
            zixl_QxW39QPS1VtAe3A21~_zixl                              4637       0.0 ( 23.6%)
              zixl_q12aIP41I2O_y35 [T]~_zixl                         13911       0.0 ( 24.9%)
              <zixl_I152>~_zixl                                                  0.0 ( 75.1%)
            zixl_q12aIP41I2O_LPS1~_zixl                               5742       0.0 (  2.9%)
            zixl_QxB1qQPS1VtAe3A21~_zixl                               304       0.0 (  1.0%)
              zixl_q12aIP41I2O_y35 [Y]~_zixl                           492       0.0 ( 11.0%)
              <zixl_I152>~_zixl                                                  0.0 ( 89.0%)
            <zixl_I152>~_zixl                                                    0.0 ( 11.0%)
            <zixl_58i441S>~_zixl                                                 0.0 (  1.1%)
          zixl_diZ4ei6OV94IQPS15~_zixl                                   1       0.0 ( 31.0%)
          <zixl_I152>~_zixl                                                      0.0 (  1.5%)
        <zixl_I152>~_zixl                                                        0.1 ( 59.3%)
      <zixl_I152>~_zixl                                                          0.2 (  6.2%)
    <zixl_I152>~_zixl                                                            0.3 (  9.1%)

    zixl_zi_A16_6PIZAe_rI1A21_L12ei52~_zixl                             18       0.2 (100.0%)
  zixl_zi_SyP_ZPS1e_q12_PI_ZA81_Le_qIA47_r352PZ~_zixl                   60       0.2         
    zixl_zi_Le_I52I_qIA47_ePrAe~_zixl                                    9       0.1 ( 44.2%)
    <zixl_I152>~_zixl                                                            0.1 ( 55.8%)

  <zixl_58i441S>~_zixl                                                           0.0 (  1.1%)

================================================================================
== Profile: PEAK-MEMORY, CPU-freq = 4.00 GHz
                                                          Calls   Peak-Mb         
                                                                                  

    <zixl_543IiP35>~_zixl                                                1     240.0 (100.0%)
  zixl_z57-ZAiL~_zixl                                                    1     240.0         
    zixl_zi_z57_rI1A21_5Le_ALS_4118tAI~_zixl                             1     236.0 ( 98.3%)
      zixl_zi_rI1A21_5Le_6IPZ_7i1IqIA47~_zixl                            1     140.0 ( 59.3%)
        zixl_jQx-NP-dQx-rI1A2iPL~_zixl                                   1     136.0 ( 97.1%)
          zixl_bPLL1r2g323I1bePr8V94I5~_zixl                             1      84.0 ( 61.8%)
            <zixl_I152>~_zixl                                                   84.0 (100.0%)
          zixl_bPLt1I2QeV94INPdLeV94I~_zixl                              1      24.0 ( 17.6%)
            <zixl_I152>~_zixl                                                   24.0 (100.0%)
          zixl_bPee1r2atoL6P~_zixl                                       1       8.0 (  5.9%)
            zixl_y35-q12-SIitiLq-194I-6PI-5Le~_zixl                   2008       8.0 (100.0%)
              <zixl_I152>~_zixl                                                  8.0 (100.0%)
          zixl_p42iZiz1QeV94I:p42V94INAye1~_zixl                         1       8.0 (  5.9%)
          <zixl_I152>~_zixl                                                     12.0 (  8.8%)
        <zixl_I152>~_zixl                                                        4.0 (  2.9%)
      zixl_zi_A16_51234_ALS_rI1A21_L12ei52_6PIZAe~_zixl                  1      96.0 ( 40.7%)
        zixl_A16_6PIZAe_rI1A21_L12ei52~_zixl                             1      96.0 (100.0%)
          zixl_zi_A16_6PIZAe_rI1A21_L12ei52~_zixl                        1      96.0 (100.0%)
            zixl_zi_SyP_ZPS1e_q12_PI_ZA81_Le_qIA47_r352PZ [E]~_zixl         18      92.0 ( 95.8%)
            zixl_6eA221L_qIA47_I1Ae~_zixl                                9       4.0 (  4.2%)
              zixl_zi_Le_iLeiL1_53yr82~_zixl                            42       4.0 (100.0%)
                zixl_zi_Le_rP4O_4AI1L2_qIA47~_zixl                      42       4.0 (100.0%)
                  zixl_rP4O_LPS1~_zixl                                6648       4.0 (100.0%)
    <zixl_I152>~_zixl                                                            4.0 (  1.7%)

    zixl_zi_A16_6PIZAe_rI1A21_L12ei52~_zixl                             18      92.0 (100.0%)
  zixl_zi_SyP_ZPS1e_q12_PI_ZA81_Le_qIA47_r352PZ~_zixl                   60      92.0         
    zixl_zi_Le_I52I_qIA47_ePrAe~_zixl                                    9       4.0 (  4.3%)
    <zixl_I152>~_zixl                                                           88.0 ( 95.7%)

