

===============================================================================
Module: core
===============================================================================
Parameters: 
    parameter  DIVISOR = 28'b11001000
    parameter  S0 = 2'b0
    parameter  S1 = 2'b1
    parameter  S2 = 2'b10
    parameter  S3 = 2'b11
Summary
-------------------------------------------------------------------------------
Assertions   : 8 
Assumptions  : 0 
Covers       : 0 
-------------------------------------------------------------------------------
assert state0 (sva)
  Instance: core.state0
  Location: File /user/stud/fall21/ig2451/FV-Hardware/FIR/core.sv, Line 161
  Severity: error
  Stats:   depth=2 gates=6 flops=1

assert state1 (sva)
  Instance: core.state1
  Location: File /user/stud/fall21/ig2451/FV-Hardware/FIR/core.sv, Line 162
  Severity: error
  Stats:   depth=2 gates=6 flops=1

assert state2 (sva)
  Instance: core.state2
  Location: File /user/stud/fall21/ig2451/FV-Hardware/FIR/core.sv, Line 163
  Severity: error
  Stats:   depth=2 gates=5 flops=1

assert state3 (sva)
  Instance: core.state3
  Location: File /user/stud/fall21/ig2451/FV-Hardware/FIR/core.sv, Line 164
  Severity: error
  Stats:   depth=2 gates=7 flops=1

assert state0_1 (sva)
  Instance: core.state0_1
  Location: File /user/stud/fall21/ig2451/FV-Hardware/FIR/core.sv, Line 167
  Severity: error
  Stats:   depth=2 gates=8 flops=2

assert state0_2 (sva)
  Instance: core.state0_2
  Location: File /user/stud/fall21/ig2451/FV-Hardware/FIR/core.sv, Line 168
  Severity: error
  Stats:   depth=66 gates=72 flops=66

assert state0_3 (sva)
  Instance: core.state0_3
  Location: File /user/stud/fall21/ig2451/FV-Hardware/FIR/core.sv, Line 169
  Severity: error
  Stats:   depth=67 gates=73 flops=67

assert result1 (sva)
  Instance: core.result1
  Location: File /user/stud/fall21/ig2451/FV-Hardware/FIR/core.sv, Line 172
  Severity: error
  Stats:   depth=65 gates=70 flops=65

