================================================================================
== Profile: REAL-TIME, CPU-freq = 4.00 GHz
                                                          Calls Real-Time  Parent 
                                                                   (secs) fraction

    <zixl_543IiP35>~_zixl                                                1     130.4 (100.0%)
  zixl_L125A5-ZAiL~_zixl                                                 1     130.4         
    zixl_L125A5-1t1L2-ePP4~_zixl                                         1     125.2 ( 96.1%)
      <zixl_I152>~_zixl                                                        124.4 ( 99.3%)
    <zixl_I152>~_zixl                                                            5.1 (  3.9%)


================================================================================
== Profile: PEAK-MEMORY, CPU-freq = 4.00 GHz
                                                          Calls   Peak-Mb         
                                                                                  

    <zixl_543IiP35>~_zixl                                                1     244.0 (100.0%)
  zixl_L125A5-ZAiL~_zixl                                                 1     244.0         
    zixl_L125A5-1t1L2-ePP4~_zixl                                         1     244.0 (100.0%)
      zixl_L125A5-q1L-rPL525-Sy~_zixl                                    1     132.0 ( 54.1%)
      zixl_L125A5-52AI234~_zixl                                          1     100.0 ( 41.0%)
        zixl_L125A5-iLi2-6ISy~_zixl                                      1     100.0 (100.0%)
          zixl_L125A5-ePAS-L12ei52~_zixl                                 1     100.0 (100.0%)
            zixl_6ISy-ePAS-L12ei52~_zixl                                 1     100.0 (100.0%)
              zixl_I152PI1-5Le~_zixl                                     1     100.0 (100.0%)
                zixl_zi_5Le_rPL2192_I152PI1~_zixl                        1     100.0 (100.0%)
                  zixl_5Le-I52I-iS-AIIAO~_zixl                           1      16.0 ( 16.0%)
                    zixl_5Le_I52I_5Le_194I~_zixl                     44724      12.0 ( 75.0%)
                      zixl_I152PI1-194I-194I~_zixl                   41472      12.0 (100.0%)
                    zixl_194I_rPZ4e121_rP4O~_zixl                        1       4.0 ( 25.0%)
                      <zixl_I152>~_zixl                                          4.0 (100.0%)
                  <zixl_I152>~_zixl                                             84.0 ( 84.0%)
      zixl_L125A5-q1L-UAt1~_zixl                                         1      12.0 (  4.9%)
        zixl_I14eAO-q1L1IA21-qU6~_zixl                                   1      12.0 (100.0%)
          zixl_diZ3eA21bOre15~_zixl                                      1       4.0 ( 33.3%)
            <zixl_I152>~_zixl                                                    4.0 (100.0%)
          <zixl_I152>~_zixl                                                      8.0 ( 66.7%)

