# 
# Questa Static Verification System
# Version 2019.2_1 linux_x86_64 18 May 2019


Command-line arguments:
	-jobs 4 \ 
	-init qs_files/core.init \ 
	-timeout 5m 

Warning : Deprecated option to '* verify' command.  Option '-init'. Use 'formal init' directive instead.  [formal-303]
Info    : Using initialization sequence file to initialize design state.  File '/homes/user/stud/fall21/ig2451/FV-Hardware/FIR/qs_files/core.init'.  [formal-205]
Warning : Signal specified for directive has no match.  Signal 'rst', Directive 'netlist constraint', File '/homes/user/stud/fall21/ig2451/FV-Hardware/FIR/qs_files/directives.tcl', Line 5.  [directive-251]
Info    : Automatically constraining reset signal to de-assert after initialization sequence (use -auto_constraint_off option to disable).  Signal 'rstn', Value '1'.  [formal-285]
Applying synthesis semantics to design: core
[00:00:00] Status: Done 0/8, Update 0/8, Proof radius min=0, avg=0.0, Mem=0GB
[00:00:00] Established connection with process, Hostname=remote02, pid=6399.
[00:00:00] Established connection with process, Hostname=remote02, pid=6402.
[00:00:00] Established connection with process, Hostname=remote02, pid=6407.
[00:00:00] Established connection with process, Hostname=remote02, pid=6412.
[00:00:00] Proven: state0
[00:00:00] Proven: state3
[00:00:00] Proven: state1
[00:00:00] Proven: state2
[00:00:00] Proven: state0_1
[00:00:00] Fired @65: result1
[00:00:02] Proven: state0_2
[00:00:03] Proven: state0_3
[00:00:03] Status: Done 8/8, Update 8/8, Proof radius min=N/A, avg=N/A, Mem=1GB

---------------------------------------
Property Summary                  Count
---------------------------------------
Assumed                               0
Proven                                7
Inconclusive                          0
Fired                                 1
  Fired with Warning                  1
---------------------------------------
Total                                 8
---------------------------------------


--------- Process Statistics ----------
Elapsed Time                       3 s 
-------- Orchestration Process --------
------------ remote02:6389 ------------
CPU Time                           1 s 
Peak Memory                      0.4 GB
---------- Engine Processes -----------
------------ remote02:6399 ------------
CPU Time                           3 s 
Peak Memory                      0.2 GB
CPU Utilization                  100 % 
------------ remote02:6402 ------------
CPU Time                           3 s 
Peak Memory                      0.3 GB
CPU Utilization                  100 % 
------------ remote02:6407 ------------
CPU Time                           3 s 
Peak Memory                      0.1 GB
CPU Utilization                  100 % 
------------ remote02:6412 ------------
CPU Time                           3 s 
Peak Memory                      0.1 GB
CPU Utilization                  100 % 
---------------------------------------


Message Summary
---------------------------------------------------------------------------
Count  Type     Message ID         Summary
---------------------------------------------------------------------------
    1  Warning  directive-251      Signal specified for directive has no match.
    1  Warning  formal-303         Deprecated option to '* verify' command.
    1  Info     formal-205         Using initialization sequence file to initialize design state.
    1  Info     formal-285         Automatically constraining reset signal to de-assert after initialization sequence (use -auto_constraint_off option to disable).

Final Process Statistics: Peak Memory 0.37GB, Cumulative CPU Time 13s, Elapsed Time 3s

To see results in the GUI run:
qverify /homes/user/stud/fall21/ig2451/FV-Hardware/FIR/Output_Results/formal_verify.db

