VISUALIZERROOT = '/tools/mentor/questa_2019.2_1/linux_x86_64/share/modeltech/linux_x86_64/Visualizer'
USER = 'ig2451'
Loading tcl script /tools/mentor/questa_2019.2_1/linux_x86_64/share/modeltech/linux_x86_64/Visualizer/lib/visualizer/tclscripts/designutil.tcl
Done loading tcl script </tools/mentor/questa_2019.2_1/linux_x86_64/share/modeltech/linux_x86_64/Visualizer/lib/visualizer/tclscripts/designutil.tcl>
Server Initialized ...
Mentor Graphics software version 2019.2_1 (Build on May 13 2019)
Copyright (C) 1999-2022 by Mentor Graphics All rights reserved.
   from_mega_agent
   +outputDir+/tmp/visscratch.GySKp2
   +tcl
   -I/tools/mentor/questa_2019.2_1/linux_x86_64/share/modeltech/bin/../linux_x86_64/Visualizer/bin/../tb/incl
   +designfile+/homes/user/stud/fall21/ig2451/FV-Hardware/FIR/Output_Results/qcache/VISUALIZER/design.bin
   +show_pi_drvr_rcvr
   +max_drv_rec_cnt=10000
   +no_splash
   +visformal
   +external_client
   +designfile+design.bin
   +designfile+Output_Results/qcache/VISUALIZER/design.bin
   +convertvhdlgenbracket

Command line option(s) :
   +outputDir+/tmp/visscratch.GySKp2
   +tcl
   -I/tools/mentor/questa_2019.2_1/linux_x86_64/share/modeltech/bin/../linux_x86_64/Visualizer/bin/../tb/incl
   +designfile+/homes/user/stud/fall21/ig2451/FV-Hardware/FIR/Output_Results/qcache/VISUALIZER/design.bin
   +show_pi_drvr_rcvr
   +max_drv_rec_cnt=10000
   +no_splash
   +visformal
   +external_client
   +designfile+design.bin
   +designfile+Output_Results/qcache/VISUALIZER/design.bin
   +convertvhdlgenbracket

New PLI Id assignment (at parsing time) will be used.
Creating var connectivity .......
Done Creating var connectivity .......
Design Statistics
              Always = 12
        Cont-Assigns = 59
          SVA-Assert = 8
End of Design Statistics
design loaded ...
Reading file /homes/user/stud/fall21/ig2451/FV-Hardware/FIR/core.sv
Window layout Default has been saved in file /homes/user/stud/fall21/ig2451/FV-Hardware/FIR/.visualizer/layout.xml
Start  : Mon Dec 19 18:26:21 2022
End    : Mon Dec 19 18:28:52 2022
VMSize : 2710656 kB
VMPeak : 2760200 kB
