-------------------------------------------------------------------------------
Property Report
-------------------------------------------------------------------------------
Questa Formal Version 2019.2_1 linux_x86_64 18 May 2019
-------------------------------------------------------------------------------
Report Generated               : Fri Dec 23 13:31:12 2022
-------------------------------------------------------------------------------

Property Summary
-------------------------------------------------------------------------------
Total    Directives :4
Assert   Directives :2
Assume   Directives :0
Cover    Directives :2


SVA Summary
-------------------------------------------------------------------------------
SVA Directive Type        Directives           Checkers
-------------------------------------------------------------------------------
Assert                         2                   2
Assume                         0                   0
Cover                          2                   2
-------------------------------------------------------------------------------


Compiled Properties:
-------------------------------------------------------------------------------
Assertions:
    no_overflow.ovl_assert.A_ASSERT_NO_OVERFLOW_P
    no_underflow.ovl_assert.A_ASSERT_NO_UNDERFLOW_P
Covers:
    no_overflow.ovl_cover.ovl_cover_basic.cover_test_expr_at_max
    no_underflow.ovl_cover.ovl_cover_basic.cover_test_expr_at_min


===============================================================================
Module: ovl_no_overflow
===============================================================================
Parameters: 
    parameter  severity_level = 1
    parameter  width = 6
    parameter  min = 0
    parameter  max = 63
    parameter  property_type = 0
    parameter  msg = VIOLATION
    parameter  coverage_level = 2
    parameter  clock_edge = 1
    parameter  reset_polarity = 0
    parameter  gating_type = 1
    parameter  assert_name = OVL_NO_OVERFLOW
    parameter  OVL_COVER_SANITY_ON = 0
    parameter  OVL_COVER_BASIC_ON = 2
    parameter  OVL_COVER_CORNER_ON = 0
    parameter  OVL_COVER_STATISTIC_ON = 0
Summary
-------------------------------------------------------------------------------
Assertions   : 1 
Assumptions  : 0 
Covers       : 1 
-------------------------------------------------------------------------------
assert ovl_assert.A_ASSERT_NO_OVERFLOW_P (sva)
  Instance: no_overflow.ovl_assert.A_ASSERT_NO_OVERFLOW_P
  Location: File /tools/mentor/questa_2019.2_1/linux_x86_64/share/assertion_lib/OVL/verilog/sva05/assert_no_overflow_logic.sv, Line 35
  Severity: info
  Message: VIOLATION
  Stats:   depth=2 gates=13 flops=1

cover ovl_cover.ovl_cover_basic.cover_test_expr_at_max (sva)
  Instance: no_overflow.ovl_cover.ovl_cover_basic.cover_test_expr_at_max
  Location: File /tools/mentor/questa_2019.2_1/linux_x86_64/share/assertion_lib/OVL/verilog/sva05/assert_no_overflow_logic.sv, Line 90
  Severity: info
  Message: VIOLATION
  Stats:   depth=1 gates=5 flops=0


===============================================================================
Module: ovl_no_underflow
===============================================================================
Parameters: 
    parameter  severity_level = 1
    parameter  width = 6
    parameter  min = 0
    parameter  max = 63
    parameter  property_type = 0
    parameter  msg = VIOLATION
    parameter  coverage_level = 2
    parameter  clock_edge = 1
    parameter  reset_polarity = 0
    parameter  gating_type = 1
    parameter  assert_name = OVL_NO_UNDERFLOW
    parameter  OVL_COVER_SANITY_ON = 0
    parameter  OVL_COVER_BASIC_ON = 2
    parameter  OVL_COVER_CORNER_ON = 0
    parameter  OVL_COVER_STATISTIC_ON = 0
Summary
-------------------------------------------------------------------------------
Assertions   : 1 
Assumptions  : 0 
Covers       : 1 
-------------------------------------------------------------------------------
assert ovl_assert.A_ASSERT_NO_UNDERFLOW_P (sva)
  Instance: no_underflow.ovl_assert.A_ASSERT_NO_UNDERFLOW_P
  Location: File /tools/mentor/questa_2019.2_1/linux_x86_64/share/assertion_lib/OVL/verilog/sva05/assert_no_underflow_logic.sv, Line 35
  Severity: info
  Message: VIOLATION
  Stats:   depth=2 gates=13 flops=1

cover ovl_cover.ovl_cover_basic.cover_test_expr_at_min (sva)
  Instance: no_underflow.ovl_cover.ovl_cover_basic.cover_test_expr_at_min
  Location: File /tools/mentor/questa_2019.2_1/linux_x86_64/share/assertion_lib/OVL/verilog/sva05/assert_no_underflow_logic.sv, Line 89
  Severity: info
  Message: VIOLATION
  Stats:   depth=1 gates=3 flops=0

