VISUALIZERROOT = '/tools/mentor/questa_2019.2_1/linux_x86_64/share/modeltech/linux_x86_64/Visualizer'
USER = 'ig2451'
Loading tcl script /tools/mentor/questa_2019.2_1/linux_x86_64/share/modeltech/linux_x86_64/Visualizer/lib/visualizer/tclscripts/designutil.tcl
Done loading tcl script </tools/mentor/questa_2019.2_1/linux_x86_64/share/modeltech/linux_x86_64/Visualizer/lib/visualizer/tclscripts/designutil.tcl>
Server Initialized ...
Mentor Graphics software version 2019.2_1 (Build on May 13 2019)
Copyright (C) 1999-2022 by Mentor Graphics All rights reserved.
   from_mega_agent
   +outputDir+/tmp/visscratch.rxQqfn
   +tcl
   -I/tools/mentor/questa_2019.2_1/linux_x86_64/share/modeltech/bin/../linux_x86_64/Visualizer/bin/../tb/incl
   +designfile+/homes/user/stud/fall21/ig2451/FV/FV-Hardware/Formal_Verification/Output_Results/qcache/VISUALIZER/design.bin
   +show_pi_drvr_rcvr
   +max_drv_rec_cnt=10000
   +no_splash
   +visformal
   +external_client
   +designfile+design.bin
   +designfile+Output_Results/qcache/VISUALIZER/design.bin
   +convertvhdlgenbracket

Command line option(s) :
   +outputDir+/tmp/visscratch.rxQqfn
   +tcl
   -I/tools/mentor/questa_2019.2_1/linux_x86_64/share/modeltech/bin/../linux_x86_64/Visualizer/bin/../tb/incl
   +designfile+/homes/user/stud/fall21/ig2451/FV/FV-Hardware/Formal_Verification/Output_Results/qcache/VISUALIZER/design.bin
   +show_pi_drvr_rcvr
   +max_drv_rec_cnt=10000
   +no_splash
   +visformal
   +external_client
   +designfile+design.bin
   +designfile+Output_Results/qcache/VISUALIZER/design.bin
   +convertvhdlgenbracket

New PLI Id assignment (at parsing time) will be used.
Creating var connectivity .......
Done Creating var connectivity .......
Design Statistics
              Always = 12
        Cont-Assigns = 59
          SVA-Assert = 36
           SVA-Cover = 3
End of Design Statistics
  Warning at line 41 in file /homes/user/stud/fall21/ig2451/FV/FV-Hardware/Formal_Verification/fifo_shift_reg.sv :
	Module (ovl_no_overflow) not found. Treating all of its instances as IP instance.
  Warning at line 43 in file /homes/user/stud/fall21/ig2451/FV/FV-Hardware/Formal_Verification/fifo_shift_reg.sv :
	Module (ovl_no_underflow) not found. Treating all of its instances as IP instance.
design loaded ...
Reading file /homes/user/stud/fall21/ig2451/FV/FV-Hardware/Formal_Verification/core.sv
Window layout Default has been saved in file /homes/user/stud/fall21/ig2451/FV/FV-Hardware/Formal_Verification/.visualizer/layout.xml
Start  : Fri Dec 23 22:11:10 2022
End    : Fri Dec 23 22:13:53 2022
VMSize : 2703016 kB
VMPeak : 2706084 kB
