================================================================================
== Profile: REAL-TIME, CPU-freq = 4.00 GHz
                                                          Calls Real-Time  Parent 
                                                                   (secs) fraction

    <zixl_543IiP35>~_zixl                                                1       2.5 (100.0%)
  zixl_5eAt1-I3L-ePP4~_zixl                                              1       2.5         
    zixl_5eAt1-I3L-1LqiL1~_zixl                                          7       2.4 ( 98.2%)
      zixl_IAI-iZ4e-5Pet1~_zixl                                          7       2.4 ( 99.8%)
        zixl_IAI-5Pet1~_zixl                                             7       2.4 ( 99.2%)
          zixl_IAI-5Pet1-5Pet1~_zixl                                    13       2.4 ( 99.9%)
            zixl_irY-5Pet1~_zixl                                        13       2.4 (100.0%)
              zixl_irY-52I1Lq271L~_zixl                                525       2.2 ( 92.1%)
                zixl_irY-q1L1IAeiz1~_zixl                             5178       1.6 ( 73.8%)
                  zixl_irY-Zir~_zixl                                  5178       0.9 ( 52.5%)
                    zixl_irY-rPL51r32iPL [R]~_zixl                   21822       0.6 ( 73.7%)
                    zixl_irY-34~_zixl                                 7736       0.2 ( 23.8%)
                      zixl_5r5-5Pet1 [T]~_zixl                        7163       0.1 ( 62.4%)
                      zixl_5Pet1 [F]~_zixl                            7736       0.0 (  7.0%)
                      zixl_3LSP [D]~_zixl                             8018       0.0 (  2.2%)
                      zixl_L1U-tAI [RT]~_zixl                        10851       0.0 (  1.1%)
                      <zixl_I152>~_zixl                                          0.1 ( 27.3%)
                    <zixl_58i441S>~_zixl                                         0.0 (  1.7%)
                  zixl_irY-rPL51r32iPL [T]~_zixl                     95890       0.8 ( 46.1%)
                  <zixl_58i441S>~_zixl                                           0.0 (  1.1%)
                zixl_irY-rPL51r32iPL [E]~_zixl                       11476       0.6 ( 25.7%)
              zixl_irY-4IP4AqA21 [E]~_zixl                             516       0.1 (  4.4%)
              zixl_irY-I1512dPet1I5 [R]~_zixl                          514       0.0 (  1.8%)
              zixl_IAI-6iI1dA61 [R]~_zixl                                6       0.0 (  1.4%)
    <zixl_I152>~_zixl                                                            0.0 (  1.8%)

    zixl_irY-52I1Lq271L~_zixl                                        11476       0.6 ( 29.1%)
    zixl_irY-Zir~_zixl                                               21822       0.6 ( 32.3%)
    zixl_irY-q1L1IAeiz1~_zixl                                        95890       0.8 ( 38.5%)
  zixl_irY-rPL51r32iPL~_zixl                                        129191       2.0         
    zixl_irY-rPL5~_zixl                                             129030       2.0 ( 99.6%)
      zixl_5r5-5Pet1 [R]~_zixl                                      129030       1.2 ( 63.2%)
      zixl_irY-52A21p6 [E]~_zixl                                     13796       0.3 ( 17.0%)
      zixl_3LSP [Y]~_zixl                                            27223       0.1 (  3.7%)
      <zixl_I152>~_zixl                                                          0.3 ( 15.9%)

    zixl_irY-rPL5~_zixl                                             129030       1.2 ( 86.2%)
    zixl_irY-34~_zixl                                                 7163       0.1 (  8.9%)
    zixl_irY-U1A8bPL51r32iPL~_zixl                                    8955       0.1 (  4.7%)
  zixl_5r5-5Pet1~_zixl                                              145756       1.4         
    zixl_5Pet1 [T]~_zixl                                            145756       1.1 ( 78.5%)
    zixl_55-ZAI8~_zixl                                              145756       0.3 ( 17.7%)
      zixl_3LSP [G]~_zixl                                             2073       0.0 (  1.5%)
      <zixl_I152>~_zixl                                                          0.2 ( 98.5%)
    <zixl_I152>~_zixl                                                            0.1 (  3.7%)

    zixl_5r5-5Pet1~_zixl                                            145756       1.1 ( 83.4%)
    zixl_irY-34~_zixl                                                 7736       0.0 (  1.1%)
    zixl_irY-52A21p6~_zixl                                           13796       0.2 ( 15.0%)
  zixl_5Pet1~_zixl                                                  168473       1.3         
    zixl_I1ePr-34SA21 [R]~_zixl                                        972       0.1 (  6.4%)
    zixl_I1ZPt1-5A2i56i1S [E]~_zixl                                  26680       0.1 (  4.9%)
    zixl_3LSP [T]~_zixl                                             106073       0.0 (  2.5%)
    zixl_I1ePr-rP4O [R]~_zixl                                          972       0.0 (  1.6%)
    <zixl_I152>~_zixl                                                            1.1 ( 81.5%)
    <zixl_58i441S>~_zixl                                                         0.0 (  3.0%)

    zixl_irY-rPL5~_zixl                                              13796       0.3 (100.0%)
  zixl_irY-52A21p6~_zixl                                             13809       0.3         
    zixl_5Pet1 [G]~_zixl                                             13796       0.2 ( 60.6%)
    zixl_52A21p6-52S~_zixl                                           13796       0.1 ( 15.7%)
      <zixl_I152>~_zixl                                                          0.1 ( 99.9%)
    zixl_3LSP [F]~_zixl                                              13796       0.0 (  2.7%)
    <zixl_I152>~_zixl                                                            0.1 ( 20.5%)

    zixl_irY-q1L1IAeiz1~_zixl                                         5126       0.0 (  5.8%)
    zixl_5Pet1~_zixl                                                106073       0.0 ( 25.3%)
    zixl_irY-rPL5~_zixl                                              27223       0.1 ( 54.0%)
    zixl_irY-34~_zixl                                                 8018       0.0 (  3.5%)
    zixl_irY-52A21p6~_zixl                                           13796       0.0 (  6.8%)
    zixl_55-ZAI8~_zixl                                                2073       0.0 (  2.9%)
    <zixl_58i441S>~_zixl                                                         0.0 (  1.7%)
  zixl_3LSP~_zixl                                                   170120       0.1         

    zixl_irY-5Pet1~_zixl                                               516       0.1 ( 86.4%)
    zixl_irY-iLtAIiAL25~_zixl                                            3       0.0 ( 13.6%)
  zixl_irY-4IP4AqA21~_zixl                                             519       0.1         
    zixl_irY-U1A8bPL51r32iPL~_zixl                                    8955       0.1 ( 70.2%)
      zixl_5r5-5Pet1 [Y]~_zixl                                        8955       0.1 ( 77.7%)
      <zixl_I152>~_zixl                                                          0.0 ( 22.3%)
    zixl_irY-ASSb3y1 [R]~_zixl                                        7211       0.0 (  4.0%)
    zixl_4r-I14PI2aIPP6 [E]~_zixl                                       21       0.0 (  3.4%)
    <zixl_I152>~_zixl                                                            0.0 ( 22.4%)

    zixl_5Pet1~_zixl                                                   972       0.1 (100.0%)
  zixl_I1ePr-34SA21~_zixl                                              979       0.1         

    zixl_5Pet1~_zixl                                                 26680       0.1 ( 98.9%)
    zixl_irY-rPL6iq3I1bPL5~_zixl                                      2640       0.0 (  1.1%)
  zixl_I1ZPt1-5A2i56i1S~_zixl                                        29500       0.1         

    zixl_irY-5Pet1[rPL6iq3I1]~_zixl                                     11       0.0 (  1.8%)
    zixl_irY-5Pet1~_zixl                                               514       0.0 ( 98.2%)
  zixl_irY-I1512dPet1I5~_zixl                                          525       0.0         
    zixl_irY-rPL6iq3I1bPL5 [E]~_zixl                                   525       0.0 ( 72.6%)
    zixl_5r5-I1512 [R]~_zixl                                           525       0.0 ( 12.9%)
    <zixl_I152>~_zixl                                                            0.0 ( 13.9%)

    zixl_irY-I1512dPet1I5~_zixl                                        525       0.0 ( 98.5%)
    zixl_irY-iLtAIiAL25~_zixl                                            3       0.0 (  1.5%)
  zixl_irY-rPL6iq3I1bPL5~_zixl                                         528       0.0         
    zixl_L1U-tAI [RD]~_zixl                                          66193       0.0 ( 31.1%)
    zixl_I1ZPt1-5A2i56i1S [Y]~_zixl                                   2640       0.0 (  2.2%)
    zixl_71A4-I1y3ieS [Y]~_zixl                                        528       0.0 (  1.3%)
    <zixl_I152>~_zixl                                                            0.0 ( 64.7%)

    zixl_irY-5Pet1~_zixl                                                 6       0.0 ( 99.9%)
  zixl_IAI-6iI1dA61~_zixl                                                8       0.0         
    zixl_IAI-ei62~_zixl                                                  6       0.0 ( 60.1%)
      zixl_52e-ei62~_zixl                                                6       0.0 ( 95.6%)
        zixl_3LIPee~_zixl                                                6       0.0 ( 44.8%)
          zixl_IUTe-y3ieS-6IPZ-AIIAO~_zixl                               1       0.0 ( 32.8%)
          zixl_3LIPee-1921LS-ZA4~_zixl                                   6       0.0 (  2.9%)
          <zixl_I152>~_zixl                                                      0.0 ( 64.3%)
        zixl_reA35i6O~_zixl                                             12       0.0 ( 39.5%)
          zixl_L1U-tAI [RK]~_zixl                                    11100       0.0 ( 23.8%)
          <zixl_I152>~_zixl                                                      0.0 ( 76.2%)
        zixl_5Pet1 [H]~_zixl                                             6       0.0 (  6.0%)
        zixl_34SA21-ZAI81S-tAI5~_zixl                                    6       0.0 (  2.2%)
        zixl_ZAI8-ePqir~_zixl                                            6       0.0 (  1.3%)
        zixl_52e-ei62-4Ii~_zixl                                          6       0.0 (  1.0%)
        <zixl_I152>~_zixl                                                        0.0 (  4.4%)
      <zixl_I152>~_zixl                                                          0.0 (  4.4%)
    zixl_IAI-I16iL1~_zixl                                                6       0.0 ( 39.3%)
      zixl_IAI-L1r155AIO~_zixl                                          40       0.0 ( 87.6%)
        zixl_IAI-5iZf1e2A~_zixl                                         40       0.0 ( 93.1%)
          <zixl_I152>~_zixl                                                      0.0 ( 99.6%)
        <zixl_I152>~_zixl                                                        0.0 (  6.9%)
      zixl_IAI-5iZhPAe5~_zixl                                            7       0.0 ( 11.0%)

  <zixl_58i441S>~_zixl                                                           0.1 (  5.0%)

================================================================================
== Profile: PEAK-MEMORY, CPU-freq = 4.00 GHz
                                                          Calls   Peak-Mb         
                                                                                  

    <zixl_543IiP35>~_zixl                                                1      12.0 (100.0%)
  zixl_5eAt1-I3L-ePP4~_zixl                                              1      12.0         
    zixl_5eAt1-I3L-1LqiL1~_zixl                                          7      12.0 (100.0%)
      zixl_IAI-iZ4e-5Pet1~_zixl                                          7      12.0 (100.0%)
        zixl_IAI-5Pet1~_zixl                                             7      12.0 (100.0%)
          zixl_IAI-51234~_zixl                                          13       8.0 ( 66.7%)
            zixl_55-I1512 [R]~_zixl                                    104       8.0 (100.0%)
          zixl_IAI-5Pet1-5Pet1~_zixl                                    13       4.0 ( 33.3%)
            zixl_irY-5Pet1~_zixl                                        13       4.0 (100.0%)
              zixl_irY-5Pet1[rPL6iq3I1]~_zixl                           11       4.0 (100.0%)
                zixl_irY-rPL6iq3I1gIPL2i1I~_zixl                        11       4.0 (100.0%)
                  zixl_L1U-r73L8 [R]~_zixl                              12       4.0 (100.0%)

    zixl_55-I1512~_zixl                                                681       8.0 ( 66.7%)
    zixl_irY-rPL6iq3I1gIPL2i1I~_zixl                                    12       4.0 ( 33.3%)
  zixl_L1U-r73L8~_zixl                                                2645      12.0         

    zixl_IAI-51234~_zixl                                               104       8.0 (100.0%)
  zixl_55-I1512~_zixl                                                  681       8.0         
    zixl_L1U-r73L8 [E]~_zixl                                           681       8.0 (100.0%)

