================================================================================
== Profile: REAL-TIME, CPU-freq = 4.00 GHz
                                                          Calls Real-Time  Parent 
                                                                   (secs) fraction

    <zixl_543IiP35>~_zixl                                                1       2.5 (100.0%)
  zixl_5eAt1-I3L-ePP4~_zixl                                              1       2.5         
    zixl_5eAt1-I3L-1LqiL1~_zixl                                          9       2.4 ( 97.7%)
      zixl_IAI-iZ4e-5Pet1~_zixl                                          9       2.4 ( 99.9%)
        zixl_IAI-5Pet1~_zixl                                             9       2.4 ( 99.4%)
          zixl_IAI-5Pet1-5Pet1~_zixl                                     9       2.4 (100.0%)
            zixl_irY-5Pet1~_zixl                                         9       2.4 (100.0%)
              zixl_irY-52I1Lq271L~_zixl                                265       2.2 ( 92.7%)
                zixl_irY-q1L1IAeiz1~_zixl                             6877       1.6 ( 70.6%)
                  zixl_irY-Zir~_zixl                                  6877       0.9 ( 55.6%)
                    zixl_irY-rPL51r32iPL [R]~_zixl                   18753       0.6 ( 72.9%)
                    zixl_irY-34~_zixl                                 8416       0.2 ( 23.0%)
                      zixl_5r5-5Pet1 [T]~_zixl                        8106       0.1 ( 60.3%)
                      zixl_5Pet1 [F]~_zixl                            8416       0.0 (  7.7%)
                      zixl_3LSP [Y]~_zixl                             9376       0.0 (  2.0%)
                      zixl_L1U-tAI [RT]~_zixl                        12285       0.0 (  1.0%)
                      <zixl_I152>~_zixl                                          0.1 ( 28.9%)
                    zixl_irY-iLi2iA2iPL [R]~_zixl                    24541       0.0 (  2.5%)
                  zixl_irY-rPL51r32iPL [T]~_zixl                     90536       0.7 ( 42.6%)
                  <zixl_58i441S>~_zixl                                           0.0 (  1.5%)
                zixl_irY-rPL51r32iPL [E]~_zixl                       13040       0.6 ( 29.0%)
              zixl_irY-4IP4AqA21 [E]~_zixl                             261       0.1 (  5.8%)
              zixl_irY-I1512dPet1I5 [R]~_zixl                          259       0.0 (  1.1%)
    <zixl_I152>~_zixl                                                            0.1 (  2.3%)

    zixl_irY-52I1Lq271L~_zixl                                        13040       0.6 ( 33.1%)
    zixl_irY-Zir~_zixl                                               18753       0.6 ( 32.6%)
    zixl_irY-q1L1IAeiz1~_zixl                                        90536       0.7 ( 34.3%)
  zixl_irY-rPL51r32iPL~_zixl                                        122332       2.0         
    zixl_irY-rPL5~_zixl                                             122114       2.0 ( 99.7%)
      zixl_5r5-5Pet1 [R]~_zixl                                      122114       1.2 ( 62.6%)
      zixl_irY-52A21p6 [E]~_zixl                                     14797       0.4 ( 19.1%)
      zixl_3LSP [T]~_zixl                                            30490       0.1 (  3.7%)
      <zixl_I152>~_zixl                                                          0.3 ( 14.5%)

    zixl_irY-rPL5~_zixl                                             122114       1.2 ( 85.4%)
    zixl_irY-34~_zixl                                                 8106       0.1 (  8.5%)
    zixl_irY-U1A8bPL51r32iPL~_zixl                                   11924       0.1 (  6.0%)
  zixl_5r5-5Pet1~_zixl                                              142515       1.4         
    zixl_5Pet1 [T]~_zixl                                            142515       1.1 ( 74.9%)
    zixl_55-ZAI8~_zixl                                              142515       0.3 ( 21.2%)
      zixl_3LSP [F]~_zixl                                             2311       0.0 (  1.4%)
      <zixl_I152>~_zixl                                                          0.3 ( 98.6%)
    <zixl_I152>~_zixl                                                            0.1 (  3.7%)

    zixl_5r5-5Pet1~_zixl                                            142515       1.1 ( 80.0%)
    zixl_irY-34~_zixl                                                 8416       0.0 (  1.2%)
    zixl_irY-52A21p6~_zixl                                           14797       0.2 ( 17.3%)
    zixl_irY-iLi2iA2iPL~_zixl                                         1931       0.0 (  1.4%)
  zixl_5Pet1~_zixl                                                  168016       1.3         
    zixl_I1ePr-34SA21 [R]~_zixl                                        672       0.1 (  7.2%)
    zixl_I1ZPt1-5A2i56i1S [E]~_zixl                                  22625       0.1 (  4.6%)
    zixl_3LSP [G]~_zixl                                              98491       0.0 (  2.1%)
    zixl_I1ePr-rP4O [R]~_zixl                                          672       0.0 (  1.8%)
    zixl_ALAeOz1~_zixl                                               11212       0.0 (  1.3%)
      zixl_q1L1IA21-reA351~_zixl                                     11212       0.0 ( 36.0%)
      zixl_ZiLiZiz1-rPL6eir2~_zixl                                   11212       0.0 ( 25.8%)
      zixl_y3Z4-tAI5~_zixl                                           11212       0.0 ( 16.6%)
      zixl_6iLi57~_zixl                                              11212       0.0 ( 11.1%)
      <zixl_I152>~_zixl                                                          0.0 ( 10.5%)
    <zixl_I152>~_zixl                                                            1.1 ( 81.0%)
    <zixl_58i441S>~_zixl                                                         0.0 (  2.0%)

    zixl_irY-rPL5~_zixl                                              14797       0.4 (100.0%)
  zixl_irY-52A21p6~_zixl                                             14802       0.4         
    zixl_5Pet1 [G]~_zixl                                             14797       0.2 ( 62.1%)
    zixl_52A21p6-52S~_zixl                                           14797       0.1 ( 14.9%)
      <zixl_I152>~_zixl                                                          0.1 (100.0%)
    zixl_3LSP [D]~_zixl                                              14797       0.0 (  2.9%)
    <zixl_I152>~_zixl                                                            0.1 ( 19.7%)

    zixl_irY-5Pet1~_zixl                                               261       0.1 ( 92.2%)
    zixl_irY-iLtAIiAL25~_zixl                                            4       0.0 (  7.8%)
  zixl_irY-4IP4AqA21~_zixl                                             265       0.2         
    zixl_irY-U1A8bPL51r32iPL~_zixl                                   11924       0.1 ( 74.8%)
      zixl_5r5-5Pet1 [Y]~_zixl                                       11924       0.1 ( 75.0%)
      zixl_irY-iLi2iA2iPL [Y]~_zixl                                   1004       0.0 (  1.6%)
      <zixl_I152>~_zixl                                                          0.0 ( 23.4%)
    zixl_irY-ASSb3y1 [R]~_zixl                                       10516       0.0 (  4.7%)
    zixl_4r-I14PI2aIPP6 [E]~_zixl                                       34       0.0 (  3.3%)
    <zixl_I152>~_zixl                                                            0.0 ( 17.2%)

    zixl_irY-q1L1IAeiz1~_zixl                                         6806       0.0 (  8.8%)
    zixl_irY-ASSb3y1~_zixl                                            8869       0.0 (  1.1%)
    zixl_irY-rPL5~_zixl                                              30490       0.1 ( 53.8%)
    zixl_irY-34~_zixl                                                 9376       0.0 (  3.0%)
    zixl_irY-52A21p6~_zixl                                           14797       0.0 (  8.0%)
    zixl_55-ZAI8~_zixl                                                2311       0.0 (  3.2%)
    zixl_5Pet1~_zixl                                                 98491       0.0 ( 20.7%)
    <zixl_58i441S>~_zixl                                                         0.0 (  1.3%)
  zixl_3LSP~_zixl                                                   173194       0.1         

    zixl_5Pet1~_zixl                                                   672       0.1 (100.0%)
  zixl_I1ePr-34SA21~_zixl                                              677       0.1         

    zixl_5Pet1~_zixl                                                 22625       0.1 ( 99.3%)
  zixl_I1ZPt1-5A2i56i1S~_zixl                                        24060       0.1         

    zixl_irY-5Pet1~_zixl                                               259       0.0 ( 99.1%)
  zixl_irY-I1512dPet1I5~_zixl                                          265       0.0         
    zixl_irY-rPL6iq3I1bPL5 [E]~_zixl                                   265       0.0 ( 67.4%)
    zixl_5r5-I1512 [R]~_zixl                                           265       0.0 ( 14.4%)
    <zixl_I152>~_zixl                                                            0.0 ( 17.7%)

  <zixl_58i441S>~_zixl                                                           0.2 (  6.2%)

================================================================================
== Profile: PEAK-MEMORY, CPU-freq = 4.00 GHz
                                                          Calls   Peak-Mb         
                                                                                  

    <zixl_543IiP35>~_zixl                                                1      12.0 (100.0%)
  zixl_5eAt1-I3L-ePP4~_zixl                                              1      12.0         
    zixl_5eAt1-I3L-1LqiL1~_zixl                                          9      12.0 (100.0%)
      zixl_IAI-iZ4e-5Pet1~_zixl                                          9      12.0 (100.0%)
        zixl_IAI-5Pet1~_zixl                                             9      12.0 (100.0%)
          zixl_IAI-51234~_zixl                                           9       8.0 ( 66.7%)
            zixl_55-I1512 [R]~_zixl                                     72       8.0 (100.0%)
          zixl_IAI-5Pet1-5Pet1~_zixl                                     9       4.0 ( 33.3%)
            zixl_irY-5Pet1~_zixl                                         9       4.0 (100.0%)
              zixl_irY-5Pet1[rPL6iq3I1]~_zixl                            6       4.0 (100.0%)
                zixl_irY-rPL6iq3I1gIPL2i1I~_zixl                         6       4.0 (100.0%)
                  zixl_L1U-r73L8 [R]~_zixl                              10       4.0 (100.0%)

    zixl_55-I1512~_zixl                                                371       8.0 ( 66.7%)
    zixl_irY-rPL6iq3I1gIPL2i1I~_zixl                                    10       4.0 ( 33.3%)
  zixl_L1U-r73L8~_zixl                                                1725      12.0         

    zixl_IAI-51234~_zixl                                                72       8.0 (100.0%)
  zixl_55-I1512~_zixl                                                  371       8.0         
    zixl_L1U-r73L8 [E]~_zixl                                           371       8.0 (100.0%)

