================================================================================
== Profile: REAL-TIME, CPU-freq = 4.00 GHz
                                                          Calls Real-Time  Parent 
                                                                   (secs) fraction

    <zixl_543IiP35>~_zixl                                                1       4.3 (100.0%)
  zixl_L125A5-ZAiL~_zixl                                                 1       4.3         
    zixl_L125A5-1t1L2-ePP4~_zixl                                         1       4.3 ( 99.8%)
      zixl_L125A5-52AI234~_zixl                                          1       0.6 ( 14.1%)
        zixl_L125A5-iLi2-6ISy~_zixl                                      1       0.5 ( 83.1%)
          zixl_6ISy-rI1A21-6IPZ-6PIZAe-Sy~_zixl                          1       0.3 ( 51.2%)
            zixl_rPZ4Sy-I152PI1~_zixl                                    1       0.2 ( 97.3%)
              zixl_rPZ4Sy-I152PI1-Sy~_zixl                               1       0.2 (100.0%)
                zixl_I152PI1-4Sy~_zixl                                   1       0.2 ( 88.0%)
                zixl_I152PI1-SSy~_zixl                                   1       0.0 (  3.5%)
                zixl_I152PI1-ArSy~_zixl                                  1       0.0 (  1.4%)
                zixl_rPZ4Sy-I152PI1-rSy~_zixl                            1       0.0 (  1.1%)
                <zixl_I152>~_zixl                                                0.0 (  6.0%)
            <zixl_I152>~_zixl                                                    0.0 (  2.6%)
          zixl_L125A5-ePAS-L12ei52~_zixl                                 1       0.2 ( 48.8%)
            zixl_6ISy-ePAS-L12ei52~_zixl                                 1       0.2 ( 97.3%)
              zixl_I152PI1-5Le~_zixl                                     1       0.2 (100.0%)
                zixl_zi_5Le_rPL2192_I152PI1~_zixl                        1       0.2 ( 99.9%)
                  zixl_5Le-I52I-iS-AIIAO~_zixl                           1       0.1 ( 32.4%)
                    zixl_5Le_I52I_5Le_194I~_zixl                     44724       0.0 ( 48.9%)
                      zixl_I152PI1-194I-194I~_zixl                   41472       0.0 ( 42.0%)
                      zixl_I152PI1-194I-5Ir5iL8~_zixl                 2624       0.0 (  6.8%)
                      zixl_I152PI1-194I-I1q~_zixl                      417       0.0 (  1.9%)
                      <zixl_I152>~_zixl                                          0.0 ( 49.3%)
                    zixl_194I_rPZ4e121_rP4O~_zixl                        1       0.0 ( 46.5%)
                      zixl_I15Pet1_6A81_194I~_zixl                   44724       0.0 ( 92.9%)
                      <zixl_I152>~_zixl                                          0.0 (  7.1%)
                    <zixl_I152>~_zixl                                            0.0 (  4.6%)
                  zixl_5Le-I52I-iLi2iAe-I1q-tAe315~_zixl                 1       0.0 ( 17.5%)
                  <zixl_I152>~_zixl                                              0.1 ( 49.9%)
            zixl_5Le-eiL8-S15iqL [E]~_zixl                               1       0.0 (  2.5%)
        zixl_eir1L51-5OLr-r71r8P32~_zixl                                 1       0.1 ( 16.9%)
      zixl_L125A5-52AI2-I3L~_zixl                                        1       0.5 ( 11.9%)
        zixl_L125A5-34SA21-6ISy~_zixl                                    1       0.3 ( 59.7%)
          zixl_55Z-34SA21-6ISy~_zixl                                     1       0.1 ( 16.8%)
            <zixl_I152>~_zixl                                                    0.1 ( 99.7%)
          zixl_5At1-ArSy [E]~_zixl                                       1       0.0 (  3.5%)
          <zixl_I152>~_zixl                                                      0.2 ( 79.6%)
        zixl_5Ir7-r2Ie-4I14AI1~_zixl                                     1       0.1 ( 16.0%)
          zixl_oZ4eiri2bePr8fPZAiLb~_zixl                                1       0.0 ( 56.6%)
            zixl_bPZ4321see~_zixl                                        1       0.0 ( 79.1%)
            zixl_zi_5Le_y65_i21IA2PI_iLi2~_zixl                          1       0.0 ( 20.5%)
              zixl_zi_5Le_2P4PePqirAe_5PI2_iLi2~_zixl                    1       0.0 ( 97.9%)
              <zixl_I152>~_zixl                                                  0.0 (  2.1%)
          zixl_5iZ3eA21-iLi2-510~_zixl                                   1       0.0 ( 26.1%)
            zixl_diZ3eA21dLeoZ4eb::diZ3eA21 [E]~_zixl                    2       0.0 ( 11.9%)
            <zixl_I152>~_zixl                                                    0.0 ( 87.0%)
            <zixl_58i441S>~_zixl                                                 0.0 (  1.1%)
          zixl_5Le-e1t1e-rPZ4321-Aee [R]~_zixl                           1       0.0 (  4.8%)
          zixl_sSScgie21I5~_zixl                                         1       0.0 (  1.1%)
          <zixl_I152>~_zixl                                                      0.0 ( 11.4%)
        zixl_L125A5-rI1A21-yeL~_zixl                                     1       0.1 ( 12.4%)
          zixl_5ry-6i942~_zixl                                           1       0.0 ( 63.9%)
            zixl_UeLfA2AB1S3r1~_zixl                                     1       0.0 ( 60.8%)
              zixl_UeL-w352i6O~_zixl                                     1       0.0 ( 91.1%)
                zixl_UeL-5LeTUeL~_zixl                                   1       0.0 ( 94.8%)
                  <zixl_I152>~_zixl                                              0.0 ( 99.7%)
                zixl_UeL-w352i6O-i~_zixl                                 1       0.0 (  5.0%)
                  zixl_UeL-5LeTUeL-6iLi57~_zixl                          1       0.0 (  3.9%)
                  <zixl_I152>~_zixl                                              0.0 ( 96.1%)
              zixl_UeL-SA2A~_zixl                                        1       0.0 (  3.3%)
                zixl_UeL-SA2A-tAI5~_zixl                                 1       0.0 ( 99.9%)
              zixl_UeL-SA2A-511L~_zixl                                   1       0.0 (  1.5%)
              <zixl_I152>~_zixl                                                  0.0 (  3.1%)
            zixl_6i942-iLi2~_zixl                                        1       0.0 (  9.0%)
              zixl_diZ3eA21dLeoZ4eb::diZ3eA21 [R]~_zixl                 69       0.0 (  5.7%)
              <zixl_I152>~_zixl                                                  0.0 ( 94.3%)
            zixl_diZ3eA21dLeoZ4eb::diZ3eA21 [T]~_zixl                    1       0.0 (  2.4%)
            <zixl_I152>~_zixl                                                    0.0 ( 27.8%)
          zixl_5ry-58i4_yLe~_zixl                                        1       0.0 ( 36.1%)
            zixl_yeLdLe-P32~_zixl                                       16       0.0 ( 56.2%)
              zixl_yeLdLe-yy~_zixl                                     226       0.0 ( 93.3%)
                zixl_IUTe-y3ieS-6IPZ-AIIAO~_zixl                         1       0.0 ( 25.1%)
                zixl_yeLdLe-yy-yy~_zixl                               1049       0.0 ( 24.9%)
                  zixl_yy-yy [T]~_zixl                                1049       0.0 ( 98.7%)
                  <zixl_I152>~_zixl                                              0.0 (  1.3%)
                <zixl_I152>~_zixl                                                0.0 ( 50.0%)
              <zixl_I152>~_zixl                                                  0.0 (  6.7%)
            <zixl_I152>~_zixl                                                    0.0 ( 43.8%)
        zixl_L125A5-iLi2-55Z~_zixl                                       1       0.0 (  5.6%)
          zixl_5At1-ArSy [R]~_zixl                                       1       0.0 ( 59.8%)
          zixl_55Zr-4I14AI1-5Le~_zixl                                    1       0.0 ( 27.2%)
            zixl_5Le-eiL8-S15iqL [R]~_zixl                               1       0.0 ( 68.2%)
            zixl_bPZ4321VSq1CAt16PIZ5~_zixl                              1       0.0 (  4.8%)
              zixl_dLen1Ii6OV94Ic1IP~_zixl                              16       0.0 ( 69.6%)
                zixl_yy-yy [E]~_zixl                                    17       0.0 ( 50.2%)
                <zixl_I152>~_zixl                                                0.0 ( 49.8%)
              <zixl_I152>~_zixl                                                  0.0 ( 30.4%)
            <zixl_I152>~_zixl                                                    0.0 ( 26.5%)
          zixl_55Zr-I1512-510~_zixl                                      1       0.0 ( 12.8%)
            zixl_55Z-I1512-510~_zixl                                     1       0.0 (100.0%)
        <zixl_I152>~_zixl                                                        0.0 (  6.1%)
      <zixl_I152>~_zixl                                                          3.1 ( 73.8%)

    <zixl_543IiP35>~_zixl                                                1       2.7 (100.0%)
  zixl_PIr-27I1AS~_zixl                                                  1       2.7         
    zixl_PIr-I3L~_zixl                                                   1       2.6 ( 94.6%)
      zixl_PIr-ZA521I-I3L-PL1~_zixl                                   2905       2.6 (100.0%)
        zixl_PIr-ZA521I-7ALSe1-Z5q [E]~_zixl                          2742       0.0 (  1.1%)
        <zixl_I152>~_zixl                                                        2.6 ( 98.9%)
    zixl_PIr-5732SPUL~_zixl                                              1       0.1 (  5.4%)
      <zixl_I152>~_zixl                                                          0.1 ( 99.6%)

  <zixl_58i441S>~_zixl                                                           0.1 (  1.3%)

================================================================================
== Profile: PEAK-MEMORY, CPU-freq = 4.00 GHz
                                                          Calls   Peak-Mb         
                                                                                  

    <zixl_543IiP35>~_zixl                                                1     132.0 (100.0%)
  zixl_L125A5-ZAiL~_zixl                                                 1     132.0         
    zixl_L125A5-1t1L2-ePP4~_zixl                                         1     132.0 (100.0%)
      zixl_L125A5-52AI234~_zixl                                          1     104.0 ( 78.8%)
        zixl_L125A5-iLi2-6ISy~_zixl                                      1     104.0 (100.0%)
          zixl_L125A5-ePAS-L12ei52~_zixl                                 1     104.0 (100.0%)
            zixl_6ISy-ePAS-L12ei52~_zixl                                 1     104.0 (100.0%)
              zixl_I152PI1-5Le~_zixl                                     1     104.0 (100.0%)
                zixl_zi_5Le_rPL2192_I152PI1~_zixl                        1     100.0 ( 96.2%)
                  zixl_5Le-I52I-iS-AIIAO~_zixl                           1      16.0 ( 16.0%)
                    zixl_5Le_I52I_5Le_194I~_zixl                     44724      12.0 ( 75.0%)
                      zixl_I152PI1-194I-194I~_zixl                   41472      12.0 (100.0%)
                    zixl_194I_rPZ4e121_rP4O~_zixl                        1       4.0 ( 25.0%)
                      zixl_I15Pet1_6A81_194I~_zixl                   44724       4.0 (100.0%)
                  <zixl_I152>~_zixl                                             84.0 ( 84.0%)
                <zixl_I152>~_zixl                                                4.0 (  3.8%)
      zixl_L125A5-52AI2-I3L~_zixl                                        1      28.0 ( 21.2%)
        zixl_L125A5-rI1A21-yeL~_zixl                                     1      24.0 ( 85.7%)
          zixl_5ry-6i942~_zixl                                           1      24.0 (100.0%)
            zixl_UeLfA2AB1S3r1~_zixl                                     1      24.0 (100.0%)
              zixl_UeL-w352i6O~_zixl                                     1      24.0 (100.0%)
                zixl_UeL-5LeTUeL~_zixl                                   1      24.0 (100.0%)
                  <zixl_I152>~_zixl                                             24.0 (100.0%)
        zixl_5Ir7-r2Ie-4I14AI1~_zixl                                     1       4.0 ( 14.3%)
          zixl_oZ4eiri2bePr8fPZAiLb~_zixl                                1       4.0 (100.0%)
            zixl_bPZ4321see~_zixl                                        1       4.0 (100.0%)

