================================================================================
== Profile: REAL-TIME, CPU-freq = 4.00 GHz
                                                          Calls Real-Time  Parent 
                                                                   (secs) fraction

    <zixl_543IiP35>~_zixl                                                1       2.5 (100.0%)
  zixl_5eAt1-I3L-ePP4~_zixl                                              1       2.5         
    zixl_5eAt1-I3L-1LqiL1~_zixl                                         19       2.4 ( 96.2%)
      zixl_yZr~_zixl                                                  5492       2.2 ( 90.2%)
        zixl_5Pet1 [R]~_zixl                                          3049       1.1 ( 50.7%)
        zixl_A553Z1~_zixl                                             5492       0.6 ( 27.6%)
          <zixl_I152>~_zixl                                                      0.6 ( 99.7%)
        zixl_reA35i6O [R]~_zixl                                       3047       0.4 ( 17.4%)
        zixl_7ALSe1-3L5A2~_zixl                                       5484       0.0 (  1.7%)
          zixl_95eAt1-4IPt1 [T]~_zixl                                 1973       0.0 ( 92.0%)
          zixl_192IAr2-A553Z15 [E]~_zixl                              5484       0.0 (  4.1%)
          <zixl_I152>~_zixl                                                      0.0 (  3.9%)
        <zixl_58i441S>~_zixl                                                     0.0 (  2.0%)
      zixl_iLS3r2iPL~_zixl                                             221       0.2 (  7.5%)
        zixl_5Pet1 [E]~_zixl                                           220       0.1 ( 36.9%)
        zixl_r71r8-2IAr1-1921LSAyiei2O~_zixl                            54       0.0 ( 22.7%)
          zixl_5Pet1 [T]~_zixl                                          54       0.0 ( 67.7%)
          zixl_reA35i6O [T]~_zixl                                      314       0.0 (  8.0%)
          zixl_34SA21-ZAI81S-tAI5 [T]~_zixl                             54       0.0 (  7.5%)
          zixl_ZAI8-ePqir [T]~_zixl                                     54       0.0 (  1.7%)
          <zixl_I152>~_zixl                                                      0.0 ( 14.9%)
        zixl_reA35i6O [E]~_zixl                                        213       0.0 ( 17.7%)
        zixl_IUTe-y3ieS-6IPZ-AIIAO~_zixl                                 1       0.0 (  1.5%)
        zixl_ZAI8-ePqir [E]~_zixl                                      220       0.0 (  1.1%)
        <zixl_I152>~_zixl                                                        0.0 ( 18.3%)
        <zixl_58i441S>~_zixl                                                     0.0 (  1.8%)
      <zixl_I152>~_zixl                                                          0.1 (  2.2%)
    <zixl_I152>~_zixl                                                            0.1 (  3.8%)

    zixl_iLS3r2iPL~_zixl                                               220       0.1 (  5.6%)
    zixl_yZr~_zixl                                                    3049       1.1 ( 92.1%)
    zixl_r71r8-2IAr1-1921LSAyiei2O~_zixl                                54       0.0 (  2.3%)
  zixl_5Pet1~_zixl                                                    3323       1.2         
    zixl_ALAeOz1~_zixl                                                3323       0.4 ( 32.1%)
      zixl_q1L1IA21-reA351~_zixl                                      3323       0.2 ( 52.4%)
      zixl_y3Z4-tAI5~_zixl                                            3323       0.2 ( 45.0%)
      zixl_6iLi57~_zixl                                               3323       0.0 (  2.2%)
    zixl_I1ZPt1-5A2i56i1S~_zixl                                        160       0.1 (  4.7%)
    zixl_3LSP [R]~_zixl                                               3327       0.0 (  3.8%)
    zixl_71A4-I1y3ieS~_zixl                                             32       0.0 (  1.1%)
    zixl_re1AL-reA3515~_zixl                                           128       0.0 (  1.0%)
    <zixl_I152>~_zixl                                                            0.7 ( 57.2%)

    zixl_iLS3r2iPL~_zixl                                               213       0.0 (  7.8%)
    zixl_yZr~_zixl                                                    3047       0.4 ( 91.4%)
  zixl_reA35i6O~_zixl                                                 3574       0.4         
    zixl_L1U-tAI~_zixl                                              379754       0.1 ( 18.9%)
      zixl_3LSP [E]~_zixl                                              245       0.0 ( 16.3%)
      <zixl_I152>~_zixl                                                          0.1 ( 83.7%)
    <zixl_I152>~_zixl                                                            0.3 ( 81.0%)

    zixl_L1U-tAI~_zixl                                                 245       0.0 ( 20.8%)
    zixl_5Pet1~_zixl                                                  3327       0.0 ( 74.9%)
    zixl_34SA21-ZAI81S-tAI5~_zixl                                       26       0.0 (  4.3%)
  zixl_3LSP~_zixl                                                     3598       0.1         

    zixl_7ALSe1-3L5A2~_zixl                                           1973       0.0 ( 99.0%)
    <zixl_58i441S>~_zixl                                                         0.0 (  1.0%)
  zixl_95eAt1-4IPt1~_zixl                                             1983       0.0         
    zixl_A5iP-51LS [F]~_zixl                                          1983       0.0 ( 74.1%)
    <zixl_I152>~_zixl                                                            0.0 ( 25.9%)

    zixl_95eAt1-4IPt1~_zixl                                           1983       0.0 ( 98.1%)
    <zixl_58i441S>~_zixl                                                         0.0 (  1.9%)
  zixl_A5iP-51LS~_zixl                                                2017       0.0         

  <zixl_58i441S>~_zixl                                                           0.1 (  2.2%)

================================================================================
== Profile: PEAK-MEMORY, CPU-freq = 4.00 GHz
                                                          Calls   Peak-Mb         
                                                                                  

    <zixl_543IiP35>~_zixl                                                1     108.0 (100.0%)
  zixl_5eAt1-I3L-ePP4~_zixl                                              1     108.0         
    zixl_5eAt1-I3L-1LqiL1~_zixl                                         19     104.0 ( 96.3%)
      zixl_yZr~_zixl                                                  5492     104.0 (100.0%)
        zixl_reA35i6O [R]~_zixl                                       3047      68.0 ( 65.4%)
        zixl_A553Z1~_zixl                                             5492      24.0 ( 23.1%)
          <zixl_I152>~_zixl                                                     24.0 (100.0%)
        zixl_5Pet1 [R]~_zixl                                          3049       4.0 (  3.8%)
        <zixl_I152>~_zixl                                                        8.0 (  7.7%)
    <zixl_I152>~_zixl                                                            4.0 (  3.7%)

    zixl_yZr~_zixl                                                    3047      68.0 (100.0%)
  zixl_reA35i6O~_zixl                                                 3574      68.0         
    zixl_L1U-tAI~_zixl                                              379754      48.0 ( 70.6%)
      <zixl_I152>~_zixl                                                         48.0 (100.0%)
    zixl_L1U-r73L8 [R]~_zixl                                            20      12.0 ( 17.6%)
    <zixl_I152>~_zixl                                                            8.0 ( 11.8%)

    zixl_reA35i6O~_zixl                                                 20      12.0 (100.0%)
  zixl_L1U-r73L8~_zixl                                                  24      12.0         

    zixl_yZr~_zixl                                                    3049       4.0 (100.0%)
  zixl_5Pet1~_zixl                                                    3323       4.0         
    <zixl_I152>~_zixl                                                            4.0 (100.0%)

